This is pdfTeX, Version 3.14159265-2.6-1.40.19 (TeX Live 2018) (preloaded format=pdflatex 2018.12.4)  14 FEB 2024 16:02
entering extended mode
 restricted \write18 enabled.
 file:line:error style messages enabled.
 %&-line parsing enabled.
**05_bnp.tex
(./05_bnp.tex
LaTeX2e <2018-04-01> patch level 2
Babel <3.18> and hyphenation patterns for 84 language(s) loaded.
(/usr/local/texlive/2018/texmf-dist/tex/latex/beamer/beamer.cls
Document Class: beamer 2018/02/20 v3.50 A class for typesetting presentations
(/usr/local/texlive/2018/texmf-dist/tex/latex/beamer/beamerbasemodes.sty (/usr/local/texlive/2018/texmf-dist/tex/latex/etoolbox/etoolbox.sty
Package: etoolbox 2018/02/11 v2.5e e-TeX tools for LaTeX (JAW)
\etb@tempcnta=\count80
)
\beamer@tempbox=\box26
\beamer@tempcount=\count81
\c@beamerpauses=\count82
 (/usr/local/texlive/2018/texmf-dist/tex/latex/beamer/beamerbasedecode.sty
\beamer@slideinframe=\count83
\beamer@minimum=\count84
)
\beamer@commentbox=\box27
\beamer@modecount=\count85
) (/usr/local/texlive/2018/texmf-dist/tex/generic/oberdiek/ifpdf.sty
Package: ifpdf 2017/03/15 v3.2 Provides the ifpdf switch
)
\headdp=\dimen102
\footheight=\dimen103
\sidebarheight=\dimen104
\beamer@tempdim=\dimen105
\beamer@finalheight=\dimen106
\beamer@animht=\dimen107
\beamer@animdp=\dimen108
\beamer@animwd=\dimen109
\beamer@leftmargin=\dimen110
\beamer@rightmargin=\dimen111
\beamer@leftsidebar=\dimen112
\beamer@rightsidebar=\dimen113
\beamer@boxsize=\dimen114
\beamer@vboxoffset=\dimen115
\beamer@descdefault=\dimen116
\beamer@descriptionwidth=\dimen117
\beamer@lastskip=\skip41
\beamer@areabox=\box28
\beamer@animcurrent=\box29
\beamer@animshowbox=\box30
\beamer@sectionbox=\box31
\beamer@logobox=\box32
\beamer@linebox=\box33
\beamer@sectioncount=\count86
\beamer@subsubsectionmax=\count87
\beamer@subsectionmax=\count88
\beamer@sectionmax=\count89
\beamer@totalheads=\count90
\beamer@headcounter=\count91
\beamer@partstartpage=\count92
\beamer@sectionstartpage=\count93
\beamer@subsectionstartpage=\count94
\beamer@animationtempa=\count95
\beamer@animationtempb=\count96
\beamer@xpos=\count97
\beamer@ypos=\count98
\beamer@ypos@offset=\count99
\beamer@showpartnumber=\count100
\beamer@currentsubsection=\count101
\beamer@coveringdepth=\count102
\beamer@sectionadjust=\count103
\beamer@tocsectionnumber=\count104
 (/usr/local/texlive/2018/texmf-dist/tex/latex/beamer/beamerbaseoptions.sty (/usr/local/texlive/2018/texmf-dist/tex/latex/graphics/keyval.sty
Package: keyval 2014/10/28 v1.15 key=value parser (DPC)
\KV@toks@=\toks14
))
\beamer@paperwidth=\skip42
\beamer@paperheight=\skip43
 (/usr/local/texlive/2018/texmf-dist/tex/latex/geometry/geometry.sty
Package: geometry 2018/03/24 v5.7 Page Geometry
 (/usr/local/texlive/2018/texmf-dist/tex/generic/oberdiek/ifvtex.sty
Package: ifvtex 2016/05/16 v1.6 Detect VTeX and its facilities (HO)
Package ifvtex Info: VTeX not detected.
) (/usr/local/texlive/2018/texmf-dist/tex/generic/ifxetex/ifxetex.sty
Package: ifxetex 2010/09/12 v0.6 Provides ifxetex conditional
)
\Gm@cnth=\count105
\Gm@cntv=\count106
\c@Gm@tempcnt=\count107
\Gm@bindingoffset=\dimen118
\Gm@wd@mp=\dimen119
\Gm@odd@mp=\dimen120
\Gm@even@mp=\dimen121
\Gm@layoutwidth=\dimen122
\Gm@layoutheight=\dimen123
\Gm@layouthoffset=\dimen124
\Gm@layoutvoffset=\dimen125
\Gm@dimlist=\toks15
) (/usr/local/texlive/2018/texmf-dist/tex/latex/extsizes/size9.clo
File: size9.clo 1999/11/11 v1.4a NON-Standard LaTeX file (size option)
) (/usr/local/texlive/2018/texmf-dist/tex/latex/pgf/basiclayer/pgfcore.sty (/usr/local/texlive/2018/texmf-dist/tex/latex/graphics/graphicx.sty
Package: graphicx 2017/06/01 v1.1a Enhanced LaTeX Graphics (DPC,SPQR)
 (/usr/local/texlive/2018/texmf-dist/tex/latex/graphics/graphics.sty
Package: graphics 2017/06/25 v1.2c Standard LaTeX Graphics (DPC,SPQR)
 (/usr/local/texlive/2018/texmf-dist/tex/latex/graphics/trig.sty
Package: trig 2016/01/03 v1.10 sin cos tan (DPC)
) (/usr/local/texlive/2018/texmf-dist/tex/latex/graphics-cfg/graphics.cfg
File: graphics.cfg 2016/06/04 v1.11 sample graphics configuration
)
Package graphics Info: Driver file: pdftex.def on input line 99.
 (/usr/local/texlive/2018/texmf-dist/tex/latex/graphics-def/pdftex.def
File: pdftex.def 2018/01/08 v1.0l Graphics/color driver for pdftex
))
\Gin@req@height=\dimen126
\Gin@req@width=\dimen127
) (/usr/local/texlive/2018/texmf-dist/tex/latex/pgf/systemlayer/pgfsys.sty (/usr/local/texlive/2018/texmf-dist/tex/latex/pgf/utilities/pgfrcs.sty (/usr/local/texlive/2018/texmf-dist/tex/generic/pgf/utilities/pgfutil-common.tex
\pgfutil@everybye=\toks16
\pgfutil@tempdima=\dimen128
\pgfutil@tempdimb=\dimen129
 (/usr/local/texlive/2018/texmf-dist/tex/generic/pgf/utilities/pgfutil-common-lists.tex)) (/usr/local/texlive/2018/texmf-dist/tex/generic/pgf/utilities/pgfutil-latex.def
\pgfutil@abb=\box34
 (/usr/local/texlive/2018/texmf-dist/tex/latex/ms/everyshi.sty
Package: everyshi 2001/05/15 v3.00 EveryShipout Package (MS)
)) (/usr/local/texlive/2018/texmf-dist/tex/generic/pgf/utilities/pgfrcs.code.tex
Package: pgfrcs 2015/08/07 v3.0.1a (rcs-revision 1.31)
)) (/usr/local/texlive/2018/texmf-dist/tex/generic/pgf/systemlayer/pgfsys.code.tex
Package: pgfsys 2014/07/09 v3.0.1a (rcs-revision 1.48)
 (/usr/local/texlive/2018/texmf-dist/tex/generic/pgf/utilities/pgfkeys.code.tex
\pgfkeys@pathtoks=\toks17
\pgfkeys@temptoks=\toks18
 (/usr/local/texlive/2018/texmf-dist/tex/generic/pgf/utilities/pgfkeysfiltered.code.tex
\pgfkeys@tmptoks=\toks19
))
\pgf@x=\dimen130
\pgf@y=\dimen131
\pgf@xa=\dimen132
\pgf@ya=\dimen133
\pgf@xb=\dimen134
\pgf@yb=\dimen135
\pgf@xc=\dimen136
\pgf@yc=\dimen137
\w@pgf@writea=\write3
\r@pgf@reada=\read1
\c@pgf@counta=\count108
\c@pgf@countb=\count109
\c@pgf@countc=\count110
\c@pgf@countd=\count111
\t@pgf@toka=\toks20
\t@pgf@tokb=\toks21
\t@pgf@tokc=\toks22
 (/usr/local/texlive/2018/texmf-dist/tex/generic/pgf/systemlayer/pgf.cfg
File: pgf.cfg 2008/05/14  (rcs-revision 1.7)
)
Driver file for pgf: pgfsys-pdftex.def

(/usr/local/texlive/2018/texmf-dist/tex/generic/pgf/systemlayer/pgfsys-pdftex.def
File: pgfsys-pdftex.def 2014/10/11  (rcs-revision 1.35)
 (/usr/local/texlive/2018/texmf-dist/tex/generic/pgf/systemlayer/pgfsys-common-pdf.def
File: pgfsys-common-pdf.def 2013/10/10  (rcs-revision 1.13)
))) (/usr/local/texlive/2018/texmf-dist/tex/generic/pgf/systemlayer/pgfsyssoftpath.code.tex
File: pgfsyssoftpath.code.tex 2013/09/09  (rcs-revision 1.9)
\pgfsyssoftpath@smallbuffer@items=\count112
\pgfsyssoftpath@bigbuffer@items=\count113
) (/usr/local/texlive/2018/texmf-dist/tex/generic/pgf/systemlayer/pgfsysprotocol.code.tex
File: pgfsysprotocol.code.tex 2006/10/16  (rcs-revision 1.4)
)) (/usr/local/texlive/2018/texmf-dist/tex/latex/xcolor/xcolor.sty
Package: xcolor 2016/05/11 v2.12 LaTeX color extensions (UK)
 (/usr/local/texlive/2018/texmf-dist/tex/latex/graphics-cfg/color.cfg
File: color.cfg 2016/01/02 v1.6 sample color configuration
)
Package xcolor Info: Driver file: pdftex.def on input line 225.
Package xcolor Info: Model `cmy' substituted by `cmy0' on input line 1348.
Package xcolor Info: Model `hsb' substituted by `rgb' on input line 1352.
Package xcolor Info: Model `RGB' extended on input line 1364.
Package xcolor Info: Model `HTML' substituted by `rgb' on input line 1366.
Package xcolor Info: Model `Hsb' substituted by `hsb' on input line 1367.
Package xcolor Info: Model `tHsb' substituted by `hsb' on input line 1368.
Package xcolor Info: Model `HSB' substituted by `hsb' on input line 1369.
Package xcolor Info: Model `Gray' substituted by `gray' on input line 1370.
Package xcolor Info: Model `wave' substituted by `hsb' on input line 1371.
) (/usr/local/texlive/2018/texmf-dist/tex/generic/pgf/basiclayer/pgfcore.code.tex
Package: pgfcore 2010/04/11 v3.0.1a (rcs-revision 1.7)
 (/usr/local/texlive/2018/texmf-dist/tex/generic/pgf/math/pgfmath.code.tex (/usr/local/texlive/2018/texmf-dist/tex/generic/pgf/math/pgfmathcalc.code.tex (/usr/local/texlive/2018/texmf-dist/tex/generic/pgf/math/pgfmathutil.code.tex) (/usr/local/texlive/2018/texmf-dist/tex/generic/pgf/math/pgfmathparser.code.tex
\pgfmath@dimen=\dimen138
\pgfmath@count=\count114
\pgfmath@box=\box35
\pgfmath@toks=\toks23
\pgfmath@stack@operand=\toks24
\pgfmath@stack@operation=\toks25
) (/usr/local/texlive/2018/texmf-dist/tex/generic/pgf/math/pgfmathfunctions.code.tex (/usr/local/texlive/2018/texmf-dist/tex/generic/pgf/math/pgfmathfunctions.basic.code.tex) (/usr/local/texlive/2018/texmf-dist/tex/generic/pgf/math/pgfmathfunctions.trigonometric.code.tex) (/usr/local/texlive/2018/texmf-dist/tex/generic/pgf/math/pgfmathfunctions.random.code.tex) (/usr/local/texlive/2018/texmf-dist/tex/generic/pgf/math/pgfmathfunctions.comparison.code.tex) (/usr/local/texlive/2018/texmf-dist/tex/generic/pgf/math/pgfmathfunctions.base.code.tex) (/usr/local/texlive/2018/texmf-dist/tex/generic/pgf/math/pgfmathfunctions.round.code.tex) (/usr/local/texlive/2018/texmf-dist/tex/generic/pgf/math/pgfmathfunctions.misc.code.tex) (/usr/local/texlive/2018/texmf-dist/tex/generic/pgf/math/pgfmathfunctions.integerarithmetics.code.tex))) (/usr/local/texlive/2018/texmf-dist/tex/generic/pgf/math/pgfmathfloat.code.tex
\c@pgfmathroundto@lastzeros=\count115
)) (/usr/local/texlive/2018/texmf-dist/tex/generic/pgf/basiclayer/pgfcorepoints.code.tex
File: pgfcorepoints.code.tex 2013/10/07  (rcs-revision 1.27)
\pgf@picminx=\dimen139
\pgf@picmaxx=\dimen140
\pgf@picminy=\dimen141
\pgf@picmaxy=\dimen142
\pgf@pathminx=\dimen143
\pgf@pathmaxx=\dimen144
\pgf@pathminy=\dimen145
\pgf@pathmaxy=\dimen146
\pgf@xx=\dimen147
\pgf@xy=\dimen148
\pgf@yx=\dimen149
\pgf@yy=\dimen150
\pgf@zx=\dimen151
\pgf@zy=\dimen152
) (/usr/local/texlive/2018/texmf-dist/tex/generic/pgf/basiclayer/pgfcorepathconstruct.code.tex
File: pgfcorepathconstruct.code.tex 2013/10/07  (rcs-revision 1.29)
\pgf@path@lastx=\dimen153
\pgf@path@lasty=\dimen154
)
(/usr/local/texlive/2018/texmf-dist/tex/generic/pgf/basiclayer/pgfcorepathusage.code.tex
File: pgfcorepathusage.code.tex 2014/11/02  (rcs-revision 1.24)
\pgf@shorten@end@additional=\dimen155
\pgf@shorten@start@additional=\dimen156
) (/usr/local/texlive/2018/texmf-dist/tex/generic/pgf/basiclayer/pgfcorescopes.code.tex
File: pgfcorescopes.code.tex 2015/05/08  (rcs-revision 1.46)
\pgfpic=\box36
\pgf@hbox=\box37
\pgf@layerbox@main=\box38
\pgf@picture@serial@count=\count116
) (/usr/local/texlive/2018/texmf-dist/tex/generic/pgf/basiclayer/pgfcoregraphicstate.code.tex
File: pgfcoregraphicstate.code.tex 2014/11/02  (rcs-revision 1.12)
\pgflinewidth=\dimen157
) (/usr/local/texlive/2018/texmf-dist/tex/generic/pgf/basiclayer/pgfcoretransformations.code.tex
File: pgfcoretransformations.code.tex 2015/08/07  (rcs-revision 1.20)
\pgf@pt@x=\dimen158
\pgf@pt@y=\dimen159
\pgf@pt@temp=\dimen160
) (/usr/local/texlive/2018/texmf-dist/tex/generic/pgf/basiclayer/pgfcorequick.code.tex
File: pgfcorequick.code.tex 2008/10/09  (rcs-revision 1.3)
) (/usr/local/texlive/2018/texmf-dist/tex/generic/pgf/basiclayer/pgfcoreobjects.code.tex
File: pgfcoreobjects.code.tex 2006/10/11  (rcs-revision 1.2)
) (/usr/local/texlive/2018/texmf-dist/tex/generic/pgf/basiclayer/pgfcorepathprocessing.code.tex
File: pgfcorepathprocessing.code.tex 2013/09/09  (rcs-revision 1.9)
) (/usr/local/texlive/2018/texmf-dist/tex/generic/pgf/basiclayer/pgfcorearrows.code.tex
File: pgfcorearrows.code.tex 2015/05/14  (rcs-revision 1.43)
\pgfarrowsep=\dimen161
) (/usr/local/texlive/2018/texmf-dist/tex/generic/pgf/basiclayer/pgfcoreshade.code.tex
File: pgfcoreshade.code.tex 2013/07/15  (rcs-revision 1.15)
\pgf@max=\dimen162
\pgf@sys@shading@range@num=\count117
) (/usr/local/texlive/2018/texmf-dist/tex/generic/pgf/basiclayer/pgfcoreimage.code.tex
File: pgfcoreimage.code.tex 2013/07/15  (rcs-revision 1.18)
 (/usr/local/texlive/2018/texmf-dist/tex/generic/pgf/basiclayer/pgfcoreexternal.code.tex
File: pgfcoreexternal.code.tex 2014/07/09  (rcs-revision 1.21)
\pgfexternal@startupbox=\box39
)) (/usr/local/texlive/2018/texmf-dist/tex/generic/pgf/basiclayer/pgfcorelayers.code.tex
File: pgfcorelayers.code.tex 2013/07/18  (rcs-revision 1.7)
) (/usr/local/texlive/2018/texmf-dist/tex/generic/pgf/basiclayer/pgfcoretransparency.code.tex
File: pgfcoretransparency.code.tex 2013/09/30  (rcs-revision 1.5)
) (/usr/local/texlive/2018/texmf-dist/tex/generic/pgf/basiclayer/pgfcorepatterns.code.tex
File: pgfcorepatterns.code.tex 2013/11/07  (rcs-revision 1.5)
))) (/usr/local/texlive/2018/texmf-dist/tex/latex/pgf/utilities/xxcolor.sty
Package: xxcolor 2003/10/24 ver 0.1
\XC@nummixins=\count118
\XC@countmixins=\count119
) (/usr/local/texlive/2018/texmf-dist/tex/generic/oberdiek/atbegshi.sty
Package: atbegshi 2016/06/09 v1.18 At begin shipout hook (HO)
 (/usr/local/texlive/2018/texmf-dist/tex/generic/oberdiek/infwarerr.sty
Package: infwarerr 2016/05/16 v1.4 Providing info/warning/error messages (HO)
) (/usr/local/texlive/2018/texmf-dist/tex/generic/oberdiek/ltxcmds.sty
Package: ltxcmds 2016/05/16 v1.23 LaTeX kernel commands for general use (HO)
)) (/usr/local/texlive/2018/texmf-dist/tex/latex/hyperref/hyperref.sty
Package: hyperref 2018/02/06 v6.86b Hypertext links for LaTeX
 (/usr/local/texlive/2018/texmf-dist/tex/generic/oberdiek/hobsub-hyperref.sty
Package: hobsub-hyperref 2016/05/16 v1.14 Bundle oberdiek, subset hyperref (HO)
 (/usr/local/texlive/2018/texmf-dist/tex/generic/oberdiek/hobsub-generic.sty
Package: hobsub-generic 2016/05/16 v1.14 Bundle oberdiek, subset generic (HO)
Package: hobsub 2016/05/16 v1.14 Construct package bundles (HO)
Package hobsub Info: Skipping package `infwarerr' (already loaded).
Package hobsub Info: Skipping package `ltxcmds' (already loaded).
Package: ifluatex 2016/05/16 v1.4 Provides the ifluatex switch (HO)
Package ifluatex Info: LuaTeX not detected.
Package hobsub Info: Skipping package `ifvtex' (already loaded).
Package: intcalc 2016/05/16 v1.2 Expandable calculations with integers (HO)
Package hobsub Info: Skipping package `ifpdf' (already loaded).
Package: etexcmds 2016/05/16 v1.6 Avoid name clashes with e-TeX commands (HO)
Package etexcmds Info: Could not find \expanded.
(etexcmds)             That can mean that you are not using pdfTeX 1.50 or
(etexcmds)             that some package has redefined \expanded.
(etexcmds)             In the latter case, load this package earlier.
Package: kvsetkeys 2016/05/16 v1.17 Key value parser (HO)
Package: kvdefinekeys 2016/05/16 v1.4 Define keys (HO)
Package: pdftexcmds 2018/01/30 v0.27 Utility functions of pdfTeX for LuaTeX (HO)
Package pdftexcmds Info: LuaTeX not detected.
Package pdftexcmds Info: \pdf@primitive is available.
Package pdftexcmds Info: \pdf@ifprimitive is available.
Package pdftexcmds Info: \pdfdraftmode found.
Package: pdfescape 2016/05/16 v1.14 Implements pdfTeX's escape features (HO)
Package: bigintcalc 2016/05/16 v1.4 Expandable calculations on big integers (HO)
Package: bitset 2016/05/16 v1.2 Handle bit-vector datatype (HO)
Package: uniquecounter 2016/05/16 v1.3 Provide unlimited unique counter (HO)
)
Package hobsub Info: Skipping package `hobsub' (already loaded).
Package: letltxmacro 2016/05/16 v1.5 Let assignment for LaTeX macros (HO)
Package: hopatch 2016/05/16 v1.3 Wrapper for package hooks (HO)
Package: xcolor-patch 2016/05/16 xcolor patch
Package: atveryend 2016/05/16 v1.9 Hooks at the very end of document (HO)
Package hobsub Info: Skipping package `atbegshi' (already loaded).
Package: refcount 2016/05/16 v3.5 Data extraction from label references (HO)
Package: hycolor 2016/05/16 v1.8 Color options for hyperref/bookmark (HO)
) (/usr/local/texlive/2018/texmf-dist/tex/latex/oberdiek/auxhook.sty
Package: auxhook 2016/05/16 v1.4 Hooks for auxiliary files (HO)
) (/usr/local/texlive/2018/texmf-dist/tex/latex/oberdiek/kvoptions.sty
Package: kvoptions 2016/05/16 v3.12 Key value format for package options (HO)
)
\@linkdim=\dimen163
\Hy@linkcounter=\count120
\Hy@pagecounter=\count121
 (/usr/local/texlive/2018/texmf-dist/tex/latex/hyperref/pd1enc.def
File: pd1enc.def 2018/02/06 v6.86b Hyperref: PDFDocEncoding definition (HO)
Now handling font encoding PD1 ...
... no UTF-8 mapping file for font encoding PD1
)
\Hy@SavedSpaceFactor=\count122
 (/usr/local/texlive/2018/texmf-dist/tex/latex/latexconfig/hyperref.cfg
File: hyperref.cfg 2002/06/06 v1.2 hyperref configuration of TeXLive
)
Package hyperref Info: Option `bookmarks' set `true' on input line 4383.
Package hyperref Info: Option `bookmarksopen' set `true' on input line 4383.
Package hyperref Info: Option `implicit' set `false' on input line 4383.
Package hyperref Info: Hyper figures OFF on input line 4509.
Package hyperref Info: Link nesting OFF on input line 4514.
Package hyperref Info: Hyper index ON on input line 4517.
Package hyperref Info: Plain pages OFF on input line 4524.
Package hyperref Info: Backreferencing OFF on input line 4529.
Package hyperref Info: Implicit mode OFF; no redefinition of LaTeX internals.
Package hyperref Info: Bookmarks ON on input line 4762.
\c@Hy@tempcnt=\count123

(/usr/local/texlive/2018/texmf-dist/tex/latex/url/url.sty
\Urlmuskip=\muskip10
Package: url 2013/09/16  ver 3.4  Verb mode for urls, etc.
)
LaTeX Info: Redefining \url on input line 5115.
\XeTeXLinkMargin=\dimen164
\Fld@menulength=\count124
\Field@Width=\dimen165
\Fld@charsize=\dimen166
Package hyperref Info: Hyper figures OFF on input line 6369.
Package hyperref Info: Link nesting OFF on input line 6374.
Package hyperref Info: Hyper index ON on input line 6377.
Package hyperref Info: backreferencing OFF on input line 6384.
Package hyperref Info: Link coloring OFF on input line 6389.
Package hyperref Info: Link coloring with OCG OFF on input line 6394.
Package hyperref Info: PDF/A mode OFF on input line 6399.
LaTeX Info: Redefining \ref on input line 6439.
LaTeX Info: Redefining \pageref on input line 6443.
\Hy@abspage=\count125


Package hyperref Message: Stopped early.

)
Package hyperref Info: Driver (autodetected): hpdftex.
 (/usr/local/texlive/2018/texmf-dist/tex/latex/hyperref/hpdftex.def
File: hpdftex.def 2018/02/06 v6.86b Hyperref driver for pdfTeX
\Fld@listcount=\count126
\c@bookmark@seq@number=\count127
 (/usr/local/texlive/2018/texmf-dist/tex/latex/oberdiek/rerunfilecheck.sty
Package: rerunfilecheck 2016/05/16 v1.8 Rerun checks for auxiliary files (HO)
Package uniquecounter Info: New unique counter `rerunfilecheck' on input line 282.
)) (/usr/local/texlive/2018/texmf-dist/tex/latex/beamer/beamerbaserequires.sty (/usr/local/texlive/2018/texmf-dist/tex/latex/beamer/beamerbasecompatibility.sty) (/usr/local/texlive/2018/texmf-dist/tex/latex/beamer/beamerbasefont.sty (/usr/local/texlive/2018/texmf-dist/tex/latex/amsfonts/amssymb.sty
Package: amssymb 2013/01/14 v3.01 AMS font symbols
 (/usr/local/texlive/2018/texmf-dist/tex/latex/amsfonts/amsfonts.sty
Package: amsfonts 2013/01/14 v3.01 Basic AMSFonts support
\@emptytoks=\toks26
\symAMSa=\mathgroup4
\symAMSb=\mathgroup5
LaTeX Font Info:    Overwriting math alphabet `\mathfrak' in version `bold'
(Font)                  U/euf/m/n --> U/euf/b/n on input line 106.
)) (/usr/local/texlive/2018/texmf-dist/tex/latex/sansmathaccent/sansmathaccent.sty
Package: sansmathaccent 2013/03/28
 (/usr/local/texlive/2018/texmf-dist/tex/latex/filehook/filehook.sty
Package: filehook 2011/10/12 v0.5d Hooks for input files
))) (/usr/local/texlive/2018/texmf-dist/tex/latex/beamer/beamerbasetranslator.sty (/usr/local/texlive/2018/texmf-dist/tex/latex/translator/translator.sty
Package: translator 2018/01/04 v1.12 Easy translation of strings in LaTeX
)) (/usr/local/texlive/2018/texmf-dist/tex/latex/beamer/beamerbasemisc.sty) (/usr/local/texlive/2018/texmf-dist/tex/latex/beamer/beamerbasetwoscreens.sty) (/usr/local/texlive/2018/texmf-dist/tex/latex/beamer/beamerbaseoverlay.sty
\beamer@argscount=\count128
\beamer@lastskipcover=\skip44
\beamer@trivlistdepth=\count129
) (/usr/local/texlive/2018/texmf-dist/tex/latex/beamer/beamerbasetitle.sty) (/usr/local/texlive/2018/texmf-dist/tex/latex/beamer/beamerbasesection.sty
\c@lecture=\count130
\c@part=\count131
\c@section=\count132
\c@subsection=\count133
\c@subsubsection=\count134
) (/usr/local/texlive/2018/texmf-dist/tex/latex/beamer/beamerbaseframe.sty
\beamer@framebox=\box40
\beamer@frametitlebox=\box41
\beamer@zoombox=\box42
\beamer@zoomcount=\count135
\beamer@zoomframecount=\count136
\beamer@frametextheight=\dimen167
\c@subsectionslide=\count137
\beamer@frametopskip=\skip45
\beamer@framebottomskip=\skip46
\beamer@frametopskipautobreak=\skip47
\beamer@framebottomskipautobreak=\skip48
\beamer@envbody=\toks27
\framewidth=\dimen168
\c@framenumber=\count138
) (/usr/local/texlive/2018/texmf-dist/tex/latex/beamer/beamerbaseverbatim.sty
\beamer@verbatimfileout=\write4
) (/usr/local/texlive/2018/texmf-dist/tex/latex/beamer/beamerbaseframesize.sty
\beamer@splitbox=\box43
\beamer@autobreakcount=\count139
\beamer@autobreaklastheight=\dimen169
\beamer@frametitletoks=\toks28
\beamer@framesubtitletoks=\toks29
) (/usr/local/texlive/2018/texmf-dist/tex/latex/beamer/beamerbaseframecomponents.sty
\beamer@footins=\box44
) (/usr/local/texlive/2018/texmf-dist/tex/latex/beamer/beamerbasecolor.sty
\beamer@bg@ht=\dimen170
\beamer@bg@wd=\dimen171
\beamer@bg@dp=\dimen172
) (/usr/local/texlive/2018/texmf-dist/tex/latex/beamer/beamerbasenotes.sty
\beamer@frameboxcopy=\box45
) (/usr/local/texlive/2018/texmf-dist/tex/latex/beamer/beamerbasetoc.sty) (/usr/local/texlive/2018/texmf-dist/tex/latex/beamer/beamerbasetemplates.sty
\beamer@sbttoks=\toks30
 (/usr/local/texlive/2018/texmf-dist/tex/latex/beamer/beamerbaseauxtemplates.sty (/usr/local/texlive/2018/texmf-dist/tex/latex/beamer/beamerbaseboxes.sty
\bmb@box=\box46
\bmb@colorbox=\box47
\bmb@boxshadow=\box48
\bmb@boxshadowball=\box49
\bmb@boxshadowballlarge=\box50
\bmb@temp=\dimen173
\bmb@dima=\dimen174
\bmb@dimb=\dimen175
\bmb@prevheight=\dimen176
)
\beamer@blockheadheight=\dimen177
)) (/usr/local/texlive/2018/texmf-dist/tex/latex/beamer/beamerbaselocalstructure.sty
(/usr/local/texlive/2018/texmf-dist/tex/latex/tools/enumerate.sty
Package: enumerate 2015/07/23 v3.00 enumerate extensions (DPC)
\@enLab=\toks31
)
\c@figure=\count140
\c@table=\count141
\abovecaptionskip=\skip49
\belowcaptionskip=\skip50
) (/usr/local/texlive/2018/texmf-dist/tex/latex/beamer/beamerbasenavigation.sty
\beamer@section@min@dim=\dimen178
) (/usr/local/texlive/2018/texmf-dist/tex/latex/beamer/beamerbasetheorems.sty (/usr/local/texlive/2018/texmf-dist/tex/latex/amsmath/amsmath.sty
Package: amsmath 2017/09/02 v2.17a AMS math features
\@mathmargin=\skip51

For additional information on amsmath, use the `?' option.
(/usr/local/texlive/2018/texmf-dist/tex/latex/amsmath/amstext.sty
Package: amstext 2000/06/29 v2.01 AMS text
 (/usr/local/texlive/2018/texmf-dist/tex/latex/amsmath/amsgen.sty
File: amsgen.sty 1999/11/30 v2.0 generic functions
\@emptytoks=\toks32
\ex@=\dimen179
)) (/usr/local/texlive/2018/texmf-dist/tex/latex/amsmath/amsbsy.sty
Package: amsbsy 1999/11/29 v1.2d Bold Symbols
\pmbraise@=\dimen180
) (/usr/local/texlive/2018/texmf-dist/tex/latex/amsmath/amsopn.sty
Package: amsopn 2016/03/08 v2.02 operator names
)
\inf@bad=\count142
LaTeX Info: Redefining \frac on input line 213.
\uproot@=\count143
\leftroot@=\count144
LaTeX Info: Redefining \overline on input line 375.
\classnum@=\count145
\DOTSCASE@=\count146
LaTeX Info: Redefining \ldots on input line 472.
LaTeX Info: Redefining \dots on input line 475.
LaTeX Info: Redefining \cdots on input line 596.
\Mathstrutbox@=\box51
\strutbox@=\box52
\big@size=\dimen181
LaTeX Font Info:    Redeclaring font encoding OML on input line 712.
LaTeX Font Info:    Redeclaring font encoding OMS on input line 713.
\macc@depth=\count147
\c@MaxMatrixCols=\count148
\dotsspace@=\muskip11
\c@parentequation=\count149
\dspbrk@lvl=\count150
\tag@help=\toks33
\row@=\count151
\column@=\count152
\maxfields@=\count153
\andhelp@=\toks34
\eqnshift@=\dimen182
\alignsep@=\dimen183
\tagshift@=\dimen184
\tagwidth@=\dimen185
\totwidth@=\dimen186
\lineht@=\dimen187
\@envbody=\toks35
\multlinegap=\skip52
\multlinetaggap=\skip53
\mathdisplay@stack=\toks36
LaTeX Info: Redefining \[ on input line 2817.
LaTeX Info: Redefining \] on input line 2818.
) (/usr/local/texlive/2018/texmf-dist/tex/latex/amscls/amsthm.sty
Package: amsthm 2017/10/31 v2.20.4
\thm@style=\toks37
\thm@bodyfont=\toks38
\thm@headfont=\toks39
\thm@notefont=\toks40
\thm@headpunct=\toks41
\thm@preskip=\skip54
\thm@postskip=\skip55
\thm@headsep=\skip56
\dth@everypar=\toks42
)
\c@theorem=\count154
) (/usr/local/texlive/2018/texmf-dist/tex/latex/beamer/beamerbasethemes.sty)) (/usr/local/texlive/2018/texmf-dist/tex/latex/beamer/beamerthemedefault.sty (/usr/local/texlive/2018/texmf-dist/tex/latex/beamer/beamerfontthemedefault.sty) (/usr/local/texlive/2018/texmf-dist/tex/latex/beamer/beamercolorthemedefault.sty) (/usr/local/texlive/2018/texmf-dist/tex/latex/beamer/beamerinnerthemedefault.sty
\beamer@dima=\dimen188
\beamer@dimb=\dimen189
) (/usr/local/texlive/2018/texmf-dist/tex/latex/beamer/beamerouterthemedefault.sty)))
\@input{preamble.aux}
\openout2 = `preamble.aux'.

(./preamble.tex (/usr/local/texlive/2018/texmf-dist/tex/latex/beamer/beamerthemeRochester.sty (/usr/local/texlive/2018/texmf-dist/tex/latex/beamer/beamerouterthemesidebar.sty
\beamer@sidebarwidth=\dimen190
\beamer@headheight=\dimen191
) (/usr/local/texlive/2018/texmf-dist/tex/latex/beamer/beamerinnerthemerectangles.sty) (/usr/local/texlive/2018/texmf-dist/tex/latex/beamer/beamercolorthemewhale.sty) (/usr/local/texlive/2018/texmf-dist/tex/latex/beamer/beamercolorthemeorchid.sty)) (/usr/local/texlive/2018/texmf-dist/tex/latex/beamer/beamerfontthemestructurebold.sty) (/usr/local/texlive/2018/texmf-dist/tex/latex/beamer/beamerthemeboxes.sty
\beamer@boxheadheight=\dimen192
\beamer@boxfootheight=\dimen193
\beamer@headboxes=\count155
\beamer@headboxsizes=\dimen194
\beamer@currentbox=\count156
\beamer@footboxes=\count157
\beamer@footboxsizes=\dimen195
) (/usr/local/texlive/2018/texmf-dist/tex/latex/biblatex/biblatex.sty
Package: biblatex 2018/03/04 v3.11 programmable bibliographies (PK/MW)
 (/usr/local/texlive/2018/texmf-dist/tex/latex/logreq/logreq.sty
Package: logreq 2010/08/04 v1.0 xml request logger
\lrq@indent=\count158
 (/usr/local/texlive/2018/texmf-dist/tex/latex/logreq/logreq.def
File: logreq.def 2010/08/04 v1.0 logreq spec v1.0
)) (/usr/local/texlive/2018/texmf-dist/tex/latex/base/ifthen.sty
Package: ifthen 2014/09/29 v1.1c Standard LaTeX ifthen package (DPC)
) (/usr/local/texlive/2018/texmf-dist/tex/generic/xstring/xstring.sty (/usr/local/texlive/2018/texmf-dist/tex/generic/xstring/xstring.tex
\@xs@message=\write5
\integerpart=\count159
\decimalpart=\count160
)
Package: xstring 2013/10/13  v1.7c  String manipulations (C Tellechea)
)
\c@tabx@nest=\count161
\c@listtotal=\count162
\c@listcount=\count163
\c@liststart=\count164
\c@liststop=\count165
\c@citecount=\count166
\c@citetotal=\count167
\c@multicitecount=\count168
\c@multicitetotal=\count169
\c@instcount=\count170
\c@maxnames=\count171
\c@minnames=\count172
\c@maxitems=\count173
\c@minitems=\count174
\c@citecounter=\count175
\c@savedcitecounter=\count176
\c@uniquelist=\count177
\c@uniquename=\count178
\c@refsection=\count179
\c@refsegment=\count180
\c@maxextratitle=\count181
\c@maxextratitleyear=\count182
\c@maxextradate=\count183
\c@maxextraalpha=\count184
\c@abbrvpenalty=\count185
\c@highnamepenalty=\count186
\c@lownamepenalty=\count187
\c@maxparens=\count188
\c@parenlevel=\count189
\blx@tempcnta=\count190
\blx@tempcntb=\count191
\blx@tempcntc=\count192
\blx@maxsection=\count193
\blx@maxsegment@0=\count194
\blx@notetype=\count195
\blx@parenlevel@text=\count196
\blx@parenlevel@foot=\count197
\blx@sectionciteorder@0=\count198
\labelnumberwidth=\skip57
\labelalphawidth=\skip58
\biblabelsep=\skip59
\bibitemsep=\skip60
\bibnamesep=\skip61
\bibinitsep=\skip62
\bibparsep=\skip63
\bibhang=\skip64
\blx@bcfin=\read2
\blx@bcfout=\write6
\c@mincomprange=\count199
\c@maxcomprange=\count266
\c@mincompwidth=\count267
Package biblatex Info: Trying to load biblatex default data model...
Package biblatex Info: ... file 'blx-dm.def' found.
 (/usr/local/texlive/2018/texmf-dist/tex/latex/biblatex/blx-dm.def
File: blx-dm.def 2018/03/04 v3.11 biblatex localization (PK/MW)
)
Package biblatex Info: Trying to load biblatex citestyle data model...
Package biblatex Info: ... file 'authoryear.dbx' not found.
Package biblatex Info: Trying to load biblatex custom data model...
Package biblatex Info: ... file 'biblatex-dm.cfg' not found.
\c@afterword=\count268
\c@savedafterword=\count269
\c@annotator=\count270
\c@savedannotator=\count271
\c@author=\count272
\c@savedauthor=\count273
\c@bookauthor=\count274
\c@savedbookauthor=\count275
\c@commentator=\count276
\c@savedcommentator=\count277
\c@editor=\count278
\c@savededitor=\count279
\c@editora=\count280
\c@savededitora=\count281
\c@editorb=\count282
\c@savededitorb=\count283
\c@editorc=\count284
\c@savededitorc=\count285
\c@foreword=\count286
\c@savedforeword=\count287
\c@holder=\count288
\c@savedholder=\count289
\c@introduction=\count290
\c@savedintroduction=\count291
\c@namea=\count292
\c@savednamea=\count293
\c@nameb=\count294
\c@savednameb=\count295
\c@namec=\count296
\c@savednamec=\count297
\c@translator=\count298
\c@savedtranslator=\count299
\c@shortauthor=\count300
\c@savedshortauthor=\count301
\c@shorteditor=\count302
\c@savedshorteditor=\count303
\c@labelname=\count304
\c@savedlabelname=\count305
\c@institution=\count306
\c@savedinstitution=\count307
\c@lista=\count308
\c@savedlista=\count309
\c@listb=\count310
\c@savedlistb=\count311
\c@listc=\count312
\c@savedlistc=\count313
\c@listd=\count314
\c@savedlistd=\count315
\c@liste=\count316
\c@savedliste=\count317
\c@listf=\count318
\c@savedlistf=\count319
\c@location=\count320
\c@savedlocation=\count321
\c@organization=\count322
\c@savedorganization=\count323
\c@origlocation=\count324
\c@savedoriglocation=\count325
\c@origpublisher=\count326
\c@savedorigpublisher=\count327
\c@publisher=\count328
\c@savedpublisher=\count329
\c@language=\count330
\c@savedlanguage=\count331
\c@origlanguage=\count332
\c@savedoriglanguage=\count333
\c@pageref=\count334
\c@savedpageref=\count335
\shorthandwidth=\skip65
\shortjournalwidth=\skip66
\shortserieswidth=\skip67
\shorttitlewidth=\skip68
\shortauthorwidth=\skip69
\shorteditorwidth=\skip70
\locallabelnumberwidth=\skip71
\locallabelalphawidth=\skip72
\localshorthandwidth=\skip73
\localshortjournalwidth=\skip74
\localshortserieswidth=\skip75
\localshorttitlewidth=\skip76
\localshortauthorwidth=\skip77
\localshorteditorwidth=\skip78
Package biblatex Info: Trying to load compatibility code...
Package biblatex Info: ... file 'blx-compat.def' found.
 (/usr/local/texlive/2018/texmf-dist/tex/latex/biblatex/blx-compat.def
File: blx-compat.def 2018/03/04 v3.11 biblatex compatibility (PK/MW)
)
Package biblatex Info: Trying to load generic definitions...
Package biblatex Info: ... file 'biblatex.def' found.
 (/usr/local/texlive/2018/texmf-dist/tex/latex/biblatex/biblatex.def
File: biblatex.def 2018/03/04 v3.11 biblatex compatibility (PK/MW)
\c@textcitecount=\count336
\c@textcitetotal=\count337
\c@textcitemaxnames=\count338
\c@biburlnumpenalty=\count339
\c@biburlucpenalty=\count340
\c@biburllcpenalty=\count341
\c@smartand=\count342
)
Package biblatex Info: Trying to load natbib compatibility...
Package biblatex Info: ... file 'blx-natbib.def' found.
 (/usr/local/texlive/2018/texmf-dist/tex/latex/biblatex/blx-natbib.def
File: blx-natbib.def 2018/03/04 v3.11 biblatex compatibility (PK/MW)
)
Package biblatex Info: Trying to load bibliography style 'numeric'...
Package biblatex Info: ... file 'numeric.bbx' found.
 (/usr/local/texlive/2018/texmf-dist/tex/latex/biblatex/bbx/numeric.bbx
File: numeric.bbx 2018/03/04 v3.11 biblatex bibliography style (PK/MW)
Package biblatex Info: Trying to load bibliography style 'standard'...
Package biblatex Info: ... file 'standard.bbx' found.
 (/usr/local/texlive/2018/texmf-dist/tex/latex/biblatex/bbx/standard.bbx
File: standard.bbx 2018/03/04 v3.11 biblatex bibliography style (PK/MW)
\c@bbx:relatedcount=\count343
\c@bbx:relatedtotal=\count344
))
Package biblatex Info: Trying to load citation style 'authoryear'...
Package biblatex Info: ... file 'authoryear.cbx' found.
 (/usr/local/texlive/2018/texmf-dist/tex/latex/biblatex/cbx/authoryear.cbx
File: authoryear.cbx 2018/03/04 v3.11 biblatex citation style (PK/MW)
Package biblatex Info: Redefining '\cite'.
Package biblatex Info: Redefining '\parencite'.
Package biblatex Info: Redefining '\footcite'.
Package biblatex Info: Redefining '\footcitetext'.
Package biblatex Info: Redefining '\smartcite'.
Package biblatex Info: Redefining '\textcite'.
Package biblatex Info: Redefining '\textcites'.
)
Package biblatex Info: Trying to load configuration file...
Package biblatex Info: ... file 'biblatex.cfg' found.
 (/usr/local/texlive/2018/texmf-dist/tex/latex/biblatex/biblatex.cfg
File: biblatex.cfg 
)) (/usr/local/texlive/2018/texmf-dist/tex/latex/bbm-macros/bbm.sty
Package: bbm 1999/03/15 V 1.2 provides fonts for set symbols - TH
LaTeX Font Info:    Overwriting math alphabet `\mathbbm' in version `bold'
(Font)                  U/bbm/m/n --> U/bbm/bx/n on input line 33.
LaTeX Font Info:    Overwriting math alphabet `\mathbbmss' in version `bold'
(Font)                  U/bbmss/m/n --> U/bbmss/bx/n on input line 35.
) (/usr/local/texlive/2018/texmf-dist/tex/latex/base/inputenc.sty
Package: inputenc 2018/04/06 v1.3b Input encoding file
\inpenc@prehook=\toks43
\inpenc@posthook=\toks44
) (/usr/local/texlive/2018/texmf-dist/tex/generic/babel/babel.sty
Package: babel 2018/02/14 3.18 The Babel package
 (/usr/local/texlive/2018/texmf-dist/tex/generic/babel/switch.def
File: switch.def 2018/02/14 3.18 Babel switching mechanism
) (/usr/local/texlive/2018/texmf-dist/tex/generic/babel-english/english.ldf
Language: english 2017/06/06 v3.3r English support from the babel system
 (/usr/local/texlive/2018/texmf-dist/tex/generic/babel/babel.def
File: babel.def 2018/02/14 3.18 Babel common definitions
\babel@savecnt=\count345
\U@D=\dimen196
 (/usr/local/texlive/2018/texmf-dist/tex/generic/babel/txtbabel.def)
LaTeX Info: Redefining \textlatin on input line 1839.
\bbl@dirlevel=\count346
)
\l@canadian = a dialect from \language\l@american 
\l@australian = a dialect from \language\l@british 
\l@newzealand = a dialect from \language\l@british 
))
(/usr/local/texlive/2018/texmf-dist/tex/latex/subfigure/subfigure.sty
Package: subfigure 2002/03/15 v2.1.5 subfigure package
\subfigtopskip=\skip79
\subfigcapskip=\skip80
\subfigcaptopadj=\dimen197
\subfigbottomskip=\skip81
\subfigcapmargin=\dimen198
\subfiglabelskip=\skip82
\c@subfigure=\count347
\c@lofdepth=\count348
\c@subtable=\count349
\c@lotdepth=\count350

****************************************
* Local config file subfigure.cfg used *
****************************************
(/usr/local/texlive/2018/texmf-dist/tex/latex/subfigure/subfigure.cfg)
\subfig@top=\skip83
\subfig@bottom=\skip84
) (/usr/local/texlive/2018/texmf-dist/tex/latex/mathtools/mathtools.sty
Package: mathtools 2018/01/08 v1.21 mathematical typesetting tools
 (/usr/local/texlive/2018/texmf-dist/tex/latex/tools/calc.sty
Package: calc 2017/05/25 v4.3 Infix arithmetic (KKT,FJ)
\calc@Acount=\count351
\calc@Bcount=\count352
\calc@Adimen=\dimen199
\calc@Bdimen=\dimen256
\calc@Askip=\skip85
\calc@Bskip=\skip86
LaTeX Info: Redefining \setlength on input line 80.
LaTeX Info: Redefining \addtolength on input line 81.
\calc@Ccount=\count353
\calc@Cskip=\skip87
) (/usr/local/texlive/2018/texmf-dist/tex/latex/mathtools/mhsetup.sty
Package: mhsetup 2017/03/31 v1.3 programming setup (MH)
)
LaTeX Info: Thecontrolsequence`\('isalreadyrobust on input line 129.
LaTeX Info: Thecontrolsequence`\)'isalreadyrobust on input line 129.
LaTeX Info: Thecontrolsequence`\['isalreadyrobust on input line 129.
LaTeX Info: Thecontrolsequence`\]'isalreadyrobust on input line 129.
\g_MT_multlinerow_int=\count354
\l_MT_multwidth_dim=\dimen257
\origjot=\skip88
\l_MT_shortvdotswithinadjustabove_dim=\dimen258
\l_MT_shortvdotswithinadjustbelow_dim=\dimen259
\l_MT_above_intertext_sep=\dimen260
\l_MT_below_intertext_sep=\dimen261
\l_MT_above_shortintertext_sep=\dimen262
\l_MT_below_shortintertext_sep=\dimen263
) (/usr/local/texlive/2018/texmf-dist/tex/latex/jknapltx/mathrsfs.sty
Package: mathrsfs 1996/01/01 Math RSFS package v1.0 (jk)
\symrsfs=\mathgroup6
) (/usr/local/texlive/2018/texmf-dist/tex/latex/animate/animate.sty
Package: animate 2018/02/28 PDF animations from files and inline graphics
 (/usr/local/texlive/2018/texmf-dist/tex/latex/xkeyval/xkeyval.sty
Package: xkeyval 2014/12/03 v2.7a package option processing (HA)
 (/usr/local/texlive/2018/texmf-dist/tex/generic/xkeyval/xkeyval.tex (/usr/local/texlive/2018/texmf-dist/tex/generic/xkeyval/xkvutils.tex
\XKV@toks=\toks45
\XKV@tempa@toks=\toks46
)
\XKV@depth=\count355
File: xkeyval.tex 2014/12/03 v2.7a key=value parser (HA)
)) (/usr/local/texlive/2018/texmf-dist/tex/latex/oberdiek/ifdraft.sty
Package: ifdraft 2016/05/16 v1.4 Detect class options draft and final (HO)
) (/usr/local/texlive/2018/texmf-dist/tex/latex/media9/pdfbase.sty (/usr/local/texlive/2018/texmf-dist/tex/latex/l3kernel/expl3.sty
Package: expl3 2018/03/05 L3 programming layer (loader) 
 (/usr/local/texlive/2018/texmf-dist/tex/latex/l3kernel/expl3-code.tex
Package: expl3 2018/03/05 L3 programming layer (code)
\c_max_int=\count356
\l_tmpa_int=\count357
\l_tmpb_int=\count358
\g_tmpa_int=\count359
\g_tmpb_int=\count360
\g__intarray_font_int=\count361
\g__prg_map_int=\count362
\c_log_iow=\count363
\l_iow_line_count_int=\count364
\l__iow_line_target_int=\count365
\l__iow_one_indent_int=\count366
\l__iow_indent_int=\count367
\c_zero_dim=\dimen264
\c_max_dim=\dimen265
\l_tmpa_dim=\dimen266
\l_tmpb_dim=\dimen267
\g_tmpa_dim=\dimen268
\g_tmpb_dim=\dimen269
\c_zero_skip=\skip89
\c_max_skip=\skip90
\l_tmpa_skip=\skip91
\l_tmpb_skip=\skip92
\g_tmpa_skip=\skip93
\g_tmpb_skip=\skip94
\c_zero_muskip=\muskip12
\c_max_muskip=\muskip13
\l_tmpa_muskip=\muskip14
\l_tmpb_muskip=\muskip15
\g_tmpa_muskip=\muskip16
\g_tmpb_muskip=\muskip17
\l_keys_choice_int=\count368
\c__fp_leading_shift_int=\count369
\c__fp_middle_shift_int=\count370
\c__fp_trailing_shift_int=\count371
\c__fp_big_leading_shift_int=\count372
\c__fp_big_middle_shift_int=\count373
\c__fp_big_trailing_shift_int=\count374
\c__fp_Bigg_leading_shift_int=\count375
\c__fp_Bigg_middle_shift_int=\count376
\c__fp_Bigg_trailing_shift_int=\count377
\c__fp_rand_size_int=\count378
\c__fp_rand_four_int=\count379
\c__fp_rand_eight_int=\count380
\l__sort_length_int=\count381
\l__sort_min_int=\count382
\l__sort_top_int=\count383
\l__sort_max_int=\count384
\l__sort_true_max_int=\count385
\l__sort_block_int=\count386
\l__sort_begin_int=\count387
\l__sort_end_int=\count388
\l__sort_A_int=\count389
\l__sort_B_int=\count390
\l__sort_C_int=\count391
\l__tl_build_start_index_int=\count392
\l__tl_build_index_int=\count393
\l__tl_analysis_normal_int=\count394
\l__tl_analysis_index_int=\count395
\l__tl_analysis_nesting_int=\count396
\l__tl_analysis_type_int=\count397
\l__regex_internal_a_int=\count398
\l__regex_internal_b_int=\count399
\l__regex_internal_c_int=\count400
\l__regex_balance_int=\count401
\l__regex_group_level_int=\count402
\l__regex_mode_int=\count403
\c__regex_cs_in_class_mode_int=\count404
\c__regex_cs_mode_int=\count405
\l__regex_catcodes_int=\count406
\l__regex_default_catcodes_int=\count407
\c__regex_catcode_D_int=\count408
\c__regex_catcode_S_int=\count409
\c__regex_catcode_L_int=\count410
\c__regex_catcode_O_int=\count411
\c__regex_catcode_A_int=\count412
\c__regex_all_catcodes_int=\count413
\l__regex_show_lines_int=\count414
\l__regex_min_state_int=\count415
\l__regex_max_state_int=\count416
\l__regex_left_state_int=\count417
\l__regex_right_state_int=\count418
\l__regex_capturing_group_int=\count419
\l__regex_min_pos_int=\count420
\l__regex_max_pos_int=\count421
\l__regex_curr_pos_int=\count422
\l__regex_start_pos_int=\count423
\l__regex_success_pos_int=\count424
\l__regex_curr_char_int=\count425
\l__regex_curr_catcode_int=\count426
\l__regex_last_char_int=\count427
\l__regex_case_changed_char_int=\count428
\l__regex_curr_state_int=\count429
\l__regex_step_int=\count430
\l__regex_min_active_int=\count431
\l__regex_max_active_int=\count432
\l__regex_replacement_csnames_int=\count433
\l__regex_match_count_int=\count434
\l__regex_min_submatch_int=\count435
\l__regex_submatch_int=\count436
\l__regex_zeroth_submatch_int=\count437
\g__regex_trace_regex_int=\count438
\c_empty_box=\box53
\l_tmpa_box=\box54
\l_tmpb_box=\box55
\g_tmpa_box=\box56
\g_tmpb_box=\box57
\l__box_top_dim=\dimen270
\l__box_bottom_dim=\dimen271
\l__box_left_dim=\dimen272
\l__box_right_dim=\dimen273
\l__box_top_new_dim=\dimen274
\l__box_bottom_new_dim=\dimen275
\l__box_left_new_dim=\dimen276
\l__box_right_new_dim=\dimen277
\l__box_internal_box=\box58
\l__coffin_internal_box=\box59
\l__coffin_internal_dim=\dimen278
\l__coffin_offset_x_dim=\dimen279
\l__coffin_offset_y_dim=\dimen280
\l__coffin_x_dim=\dimen281
\l__coffin_y_dim=\dimen282
\l__coffin_x_prime_dim=\dimen283
\l__coffin_y_prime_dim=\dimen284
\c_empty_coffin=\box60
\l__coffin_aligned_coffin=\box61
\l__coffin_aligned_internal_coffin=\box62
\l_tmpa_coffin=\box63
\l_tmpb_coffin=\box64
\l__coffin_display_coffin=\box65
\l__coffin_display_coord_coffin=\box66
\l__coffin_display_pole_coffin=\box67
\l__coffin_display_offset_dim=\dimen285
\l__coffin_display_x_dim=\dimen286
\l__coffin_display_y_dim=\dimen287
\l__coffin_bounding_shift_dim=\dimen288
\l__coffin_left_corner_dim=\dimen289
\l__coffin_right_corner_dim=\dimen290
\l__coffin_bottom_corner_dim=\dimen291
\l__coffin_top_corner_dim=\dimen292
\l__coffin_scaled_total_height_dim=\dimen293
\l__coffin_scaled_width_dim=\dimen294
) (/usr/local/texlive/2018/texmf-dist/tex/latex/l3kernel/l3pdfmode.def
File: l3pdfmode.def 2017/03/18 v L3 Experimental driver: PDF mode
\l__driver_color_stack_int=\count439
)) (/usr/local/texlive/2018/texmf-dist/tex/latex/l3packages/l3keys2e/l3keys2e.sty
Package: l3keys2e 2018/02/21 LaTeX2e option processing using LaTeX3 keys
)
Package: pdfbase 2018/04/06 v0.23 driver independent access to low-level PDF features
\g_pbs_page_int=\count440
\g_pbs_oc_int=\count441
) (/usr/local/texlive/2018/texmf-dist/tex/latex/ocgx2/ocgbase.sty
Package: ocgbase 2018/04/06 v0.13 support package for ocgx2.sty
\g_ocgbase_nd_int=\count442
)
\@anim@box=\box68
\@anim@measbox=\box69
\@anim@tmpdima=\dimen295
\@anim@tmpdimb=\dimen296
\@anim@num=\count443
\@anim@curframe=\count444
\@anim@curframe@zb=\count445
\@anim@resizeflags=\count446
\@anim@skipfram=\count447
\@anim@mulframecnt=\count448
\@anim@@tmlnfile=\read3
\@anim@tmpcnt=\count449
\c@@anim@ltxcnt=\count450
\@anim@curlayer=\count451
\@anim@lineno=\count452
\@anim@curfield=\count453
\@anim@@resizeflags=\count454
) (/usr/local/texlive/2018/texmf-dist/tex/latex/tools/xspace.sty
Package: xspace 2014/10/28 v1.13 Space after command names (DPC,MH)
) (/usr/local/texlive/2018/texmf-dist/tex/latex/algorithms/algorithm.sty
Package: algorithm 2009/08/24 v0.1 Document Style `algorithm' - floating environment
 (/usr/local/texlive/2018/texmf-dist/tex/latex/float/float.sty
Package: float 2001/11/08 v1.3d Float enhancements (AL)
\c@float@type=\count455
\float@exts=\toks47
\float@box=\box70
\@float@everytoks=\toks48
\@floatcapt=\box71
)
\@float@every@algorithm=\toks49
\c@algorithm=\count456
) (/usr/local/texlive/2018/texmf-dist/tex/latex/algorithms/algorithmic.sty
Package: algorithmic 2009/08/24 v0.1 Document Style `algorithmic'
\c@ALC@unique=\count457
\c@ALC@line=\count458
\c@ALC@rem=\count459
\c@ALC@depth=\count460
\ALC@tlm=\skip95
\algorithmicindent=\skip96
) (/usr/local/texlive/2018/texmf-dist/tex/latex/doublestroke/dsfont.sty
Package: dsfont 1995/08/01 v0.1 Double stroke roman fonts
) (/usr/local/texlive/2018/texmf-dist/tex/latex/setspace/setspace.sty
Package: setspace 2011/12/19 v6.7a set line spacing
) (/usr/local/texlive/2018/texmf-dist/tex/latex/yfonts/yfonts.sty
Package: yfonts 2003/01/08 v1.3 (WaS)
Now handling font encoding LY ...
... no UTF-8 mapping file for font encoding LY
Now handling font encoding LYG ...
... no UTF-8 mapping file for font encoding LYG
LaTeX Info: Composite with undeclared \" in encoding LYG on input line 58.
) (/usr/local/texlive/2018/texmf-dist/tex/latex/booktabs/booktabs.sty
Package: booktabs 2016/04/27 v1.618033 publication quality tables
\heavyrulewidth=\dimen297
\lightrulewidth=\dimen298
\cmidrulewidth=\dimen299
\belowrulesep=\dimen300
\belowbottomsep=\dimen301
\aboverulesep=\dimen302
\abovetopsep=\dimen303
\cmidrulesep=\dimen304
\cmidrulekern=\dimen305
\defaultaddspace=\dimen306
\@cmidla=\count461
\@cmidlb=\count462
\@aboverulesep=\dimen307
\@belowrulesep=\dimen308
\@thisruleclass=\count463
\@lastruleclass=\count464
\@thisrulewidth=\dimen309
) (/usr/local/texlive/2018/texmf-dist/tex/latex/graphics/rotating.sty
Package: rotating 2016/08/11 v2.16d rotated objects in LaTeX
\c@r@tfl@t=\count465
\rotFPtop=\skip97
\rotFPbot=\skip98
\rot@float@box=\box72
\rot@mess@toks=\toks50
) (/usr/local/texlive/2018/texmf-dist/tex/latex/marvosym/marvosym.sty
Package: marvosym 2011/07/20 v2.2 Martin Vogel's Symbols font definitions
) (/usr/local/texlive/2018/texmf-dist/tex/latex/oberdiek/transparent.sty
Package: transparent 2016/05/16 v1.1 Transparency via pdfTeX's color stack (HO)
) (/usr/local/texlive/2018/texmf-dist/tex/latex/appendixnumberbeamer/appendixnumberbeamer.sty) (/usr/local/texlive/2018/texmf-dist/tex/latex/adjustbox/adjustbox.sty
Package: adjustbox 2018/04/08 v1.1 Adjusting TeX boxes (trim, clip, ...)

(/usr/local/texlive/2018/texmf-dist/tex/latex/adjustbox/adjcalc.sty
Package: adjcalc 2012/05/16 v1.1 Provides advanced setlength with multiple back-ends (calc, etex, pgfmath)
) (/usr/local/texlive/2018/texmf-dist/tex/latex/adjustbox/trimclip.sty
Package: trimclip 2018/04/08 v1.1 Trim and clip general TeX material
 (/usr/local/texlive/2018/texmf-dist/tex/latex/collectbox/collectbox.sty
Package: collectbox 2012/05/17 v0.4b Collect macro arguments as boxes
\collectedbox=\box73
)
\tc@llx=\dimen310
\tc@lly=\dimen311
\tc@urx=\dimen312
\tc@ury=\dimen313
Package trimclip Info: Using driver 'tc-pdftex.def'.
 (/usr/local/texlive/2018/texmf-dist/tex/latex/adjustbox/tc-pdftex.def
File: tc-pdftex.def 2018/04/08 v2.1 Clipping driver for pdftex
))
\adjbox@Width=\dimen314
\adjbox@Height=\dimen315
\adjbox@Depth=\dimen316
\adjbox@Totalheight=\dimen317
\adjbox@pwidth=\dimen318
\adjbox@pheight=\dimen319
\adjbox@pdepth=\dimen320
\adjbox@ptotalheight=\dimen321
 (/usr/local/texlive/2018/texmf-dist/tex/latex/ifoddpage/ifoddpage.sty
Package: ifoddpage 2016/04/23 v1.1 Conditionals for odd/even page detection
\c@checkoddpage=\count466
) (/usr/local/texlive/2018/texmf-dist/tex/latex/varwidth/varwidth.sty
Package: varwidth 2009/03/30 ver 0.92;  Variable-width minipages
\@vwid@box=\box74
\sift@deathcycles=\count467
\@vwid@loff=\dimen322
\@vwid@roff=\dimen323
))
\c@proposition=\count468
\c@remark=\count469
Package hyperref Info: Option `colorlinks' set `true' on input line 84.
)
\@input{notations_julyan.aux}
\openout2 = `notations_julyan.aux'.

(./notations_julyan.tex
\mybox=\box75
\mysim=\box76
)

Package hyperref Warning: Token not allowed in a PDF string (PDFDocEncoding):
(hyperref)                removing `\new@ifnextchar' on input line 11.

Package biblatex Info: Trying to load language 'english'...
Package biblatex Info: ... file 'english.lbx' found.
(/usr/local/texlive/2018/texmf-dist/tex/latex/biblatex/lbx/english.lbx
File: english.lbx 2018/03/04 v3.11 biblatex localization (PK/MW)
)

Package biblatex Warning: 'babel/polyglossia' detected but 'csquotes' missing.
(biblatex)                Loading 'csquotes' recommended.

\@quotelevel=\count470
\@quotereset=\count471
(./05_bnp.aux)
\openout1 = `05_bnp.aux'.

LaTeX Font Info:    Checking defaults for OML/cmm/m/it on input line 11.
LaTeX Font Info:    ... okay on input line 11.
LaTeX Font Info:    Checking defaults for T1/cmr/m/n on input line 11.
LaTeX Font Info:    ... okay on input line 11.
LaTeX Font Info:    Checking defaults for OT1/cmr/m/n on input line 11.
LaTeX Font Info:    ... okay on input line 11.
LaTeX Font Info:    Checking defaults for OMS/cmsy/m/n on input line 11.
LaTeX Font Info:    ... okay on input line 11.
LaTeX Font Info:    Checking defaults for OMX/cmex/m/n on input line 11.
LaTeX Font Info:    ... okay on input line 11.
LaTeX Font Info:    Checking defaults for U/cmr/m/n on input line 11.
LaTeX Font Info:    ... okay on input line 11.
LaTeX Font Info:    Checking defaults for PD1/pdf/m/n on input line 11.
LaTeX Font Info:    ... okay on input line 11.
LaTeX Font Info:    Checking defaults for LY/yfrak/m/n on input line 11.
LaTeX Font Info:    ... okay on input line 11.
LaTeX Font Info:    Checking defaults for LYG/ygoth/m/n on input line 11.
LaTeX Font Info:    ... okay on input line 11.

*geometry* driver: auto-detecting
*geometry* detected driver: pdftex
*geometry* verbose mode - [ preamble ] result:
* driver: pdftex
* paper: custom
* layout: <same size as paper>
* layoutoffset:(h,v)=(0.0pt,0.0pt)
* modes: includehead includefoot 
* h-part:(L,W,R)=(28.45274pt, 307.28987pt, 28.45274pt)
* v-part:(T,H,B)=(0.0pt, 273.14662pt, 0.0pt)
* \paperwidth=364.19536pt
* \paperheight=273.14662pt
* \textwidth=307.28987pt
* \textheight=244.6939pt
* \oddsidemargin=-43.81725pt
* \evensidemargin=-43.81725pt
* \topmargin=-72.26999pt
* \headheight=14.22636pt
* \headsep=0.0pt
* \topskip=9.0pt
* \footskip=14.22636pt
* \marginparwidth=4.0pt
* \marginparsep=10.0pt
* \columnsep=10.0pt
* \skip\footins=8.0pt plus 4.0pt minus 2.0pt
* \hoffset=0.0pt
* \voffset=0.0pt
* \mag=1000
* \@twocolumnfalse
* \@twosidefalse
* \@mparswitchfalse
* \@reversemarginfalse
* (1in=72.27pt=25.4mm, 1cm=28.453pt)

(/usr/local/texlive/2018/texmf-dist/tex/context/base/mkii/supp-pdf.mkii
[Loading MPS to PDF converter (version 2006.09.02).]
\scratchcounter=\count472
\scratchdimen=\dimen324
\scratchbox=\box77
\nofMPsegments=\count473
\nofMParguments=\count474
\everyMPshowfont=\toks51
\MPscratchCnt=\count475
\MPscratchDim=\dimen325
\MPnumerator=\count476
\makeMPintoPDFobject=\count477
\everyMPtoPDFconversion=\toks52
) (/usr/local/texlive/2018/texmf-dist/tex/latex/oberdiek/epstopdf-base.sty
Package: epstopdf-base 2016/05/15 v2.6 Base part for package epstopdf
 (/usr/local/texlive/2018/texmf-dist/tex/latex/oberdiek/grfext.sty
Package: grfext 2016/05/16 v1.2 Manage graphics extensions (HO)
)
Package epstopdf-base Info: Redefining graphics rule for `.eps' on input line 438.
Package grfext Info: Graphics extension search list:
(grfext)             [.pdf,.png,.jpg,.mps,.jpeg,.jbig2,.jb2,.PDF,.PNG,.JPG,.JPEG,.JBIG2,.JB2,.eps]
(grfext)             \AppendGraphicsExtensions on input line 456.
 (/usr/local/texlive/2018/texmf-dist/tex/latex/latexconfig/epstopdf-sys.cfg
File: epstopdf-sys.cfg 2010/07/13 v1.3 Configuration of (r)epstopdf for TeX Live
)) ABD: EveryShipout initializing macros
\AtBeginShipoutBox=\box78
Package hyperref Info: Link coloring ON on input line 11.
 (/usr/local/texlive/2018/texmf-dist/tex/latex/hyperref/nameref.sty
Package: nameref 2016/05/21 v2.44 Cross-referencing by name of section
 (/usr/local/texlive/2018/texmf-dist/tex/generic/oberdiek/gettitlestring.sty
Package: gettitlestring 2016/05/16 v1.5 Cleanup title references (HO)
)
\c@section@level=\count478
)
LaTeX Info: Redefining \ref on input line 11.
LaTeX Info: Redefining \pageref on input line 11.
LaTeX Info: Redefining \nameref on input line 11.
 (./05_bnp.out) (./05_bnp.out)
\@outlinefile=\write7
\openout7 = `05_bnp.out'.

LaTeX Font Info:    Overwriting symbol font `operators' in version `normal'
(Font)                  OT1/cmr/m/n --> OT1/cmss/m/n on input line 11.
LaTeX Font Info:    Overwriting symbol font `operators' in version `bold'
(Font)                  OT1/cmr/bx/n --> OT1/cmss/bx/n on input line 11.
\symnumbers=\mathgroup7
\sympureletters=\mathgroup8
LaTeX Font Info:    Overwriting math alphabet `\mathrm' in version `normal'
(Font)                  OT1/cmss/m/n --> OT1/cmr/m/n on input line 11.
LaTeX Font Info:    Redeclaring math alphabet \mathbf on input line 11.
LaTeX Font Info:    Overwriting math alphabet `\mathbf' in version `normal'
(Font)                  OT1/cmr/bx/n --> OT1/cmss/bx/n on input line 11.
LaTeX Font Info:    Overwriting math alphabet `\mathbf' in version `bold'
(Font)                  OT1/cmr/bx/n --> OT1/cmss/bx/n on input line 11.
LaTeX Font Info:    Redeclaring math alphabet \mathsf on input line 11.
LaTeX Font Info:    Overwriting math alphabet `\mathsf' in version `normal'
(Font)                  OT1/cmss/m/n --> OT1/cmss/m/n on input line 11.
LaTeX Font Info:    Overwriting math alphabet `\mathsf' in version `bold'
(Font)                  OT1/cmss/bx/n --> OT1/cmss/m/n on input line 11.
LaTeX Font Info:    Redeclaring math alphabet \mathit on input line 11.
LaTeX Font Info:    Overwriting math alphabet `\mathit' in version `normal'
(Font)                  OT1/cmr/m/it --> OT1/cmss/m/it on input line 11.
LaTeX Font Info:    Overwriting math alphabet `\mathit' in version `bold'
(Font)                  OT1/cmr/bx/it --> OT1/cmss/m/it on input line 11.
LaTeX Font Info:    Redeclaring math alphabet \mathtt on input line 11.
LaTeX Font Info:    Overwriting math alphabet `\mathtt' in version `normal'
(Font)                  OT1/cmtt/m/n --> OT1/cmtt/m/n on input line 11.
LaTeX Font Info:    Overwriting math alphabet `\mathtt' in version `bold'
(Font)                  OT1/cmtt/m/n --> OT1/cmtt/m/n on input line 11.
LaTeX Font Info:    Overwriting symbol font `numbers' in version `bold'
(Font)                  OT1/cmss/m/n --> OT1/cmss/bx/n on input line 11.
LaTeX Font Info:    Overwriting symbol font `pureletters' in version `bold'
(Font)                  OT1/cmss/m/it --> OT1/cmss/bx/it on input line 11.
LaTeX Font Info:    Overwriting math alphabet `\mathrm' in version `bold'
(Font)                  OT1/cmss/bx/n --> OT1/cmr/bx/n on input line 11.
LaTeX Font Info:    Overwriting math alphabet `\mathbf' in version `bold'
(Font)                  OT1/cmss/bx/n --> OT1/cmss/bx/n on input line 11.
LaTeX Font Info:    Overwriting math alphabet `\mathsf' in version `bold'
(Font)                  OT1/cmss/m/n --> OT1/cmss/bx/n on input line 11.
LaTeX Font Info:    Overwriting math alphabet `\mathit' in version `bold'
(Font)                  OT1/cmss/m/it --> OT1/cmss/bx/it on input line 11.
LaTeX Font Info:    Overwriting math alphabet `\mathtt' in version `bold'
(Font)                  OT1/cmtt/m/n --> OT1/cmtt/bx/n on input line 11.
LaTeX Font Info:    Redeclaring symbol font `pureletters' on input line 11.
LaTeX Font Info:    Overwriting symbol font `pureletters' in version `normal'
(Font)                  OT1/cmss/m/it --> OT1/mathkerncmss/m/sl on input line 11.
LaTeX Font Info:    Overwriting symbol font `pureletters' in version `bold'
(Font)                  OT1/cmss/bx/it --> OT1/mathkerncmss/m/sl on input line 11.
LaTeX Font Info:    Overwriting symbol font `pureletters' in version `bold'
(Font)                  OT1/mathkerncmss/m/sl --> OT1/mathkerncmss/bx/sl on input line 11.
 (/usr/local/texlive/2018/texmf-dist/tex/latex/translator/translator-basic-dictionary-English.dict
Dictionary: translator-basic-dictionary, Language: English 
) (/usr/local/texlive/2018/texmf-dist/tex/latex/translator/translator-bibliography-dictionary-English.dict
Dictionary: translator-bibliography-dictionary, Language: English 
) (/usr/local/texlive/2018/texmf-dist/tex/latex/translator/translator-environment-dictionary-English.dict
Dictionary: translator-environment-dictionary, Language: English 
) (/usr/local/texlive/2018/texmf-dist/tex/latex/translator/translator-months-dictionary-English.dict
Dictionary: translator-months-dictionary, Language: English 
) (/usr/local/texlive/2018/texmf-dist/tex/latex/translator/translator-numbers-dictionary-English.dict
Dictionary: translator-numbers-dictionary, Language: English 
) (/usr/local/texlive/2018/texmf-dist/tex/latex/translator/translator-theorem-dictionary-English.dict
Dictionary: translator-theorem-dictionary, Language: English 
)
Package biblatex Info: Input encoding 'utf8' detected.
Package biblatex Info: Automatic encoding selection.
(biblatex)             Assuming data encoding 'utf8'.
\openout6 = `05_bnp.bcf'.

Package biblatex Info: Trying to load bibliographic data...
Package biblatex Info: ... file '05_bnp.bbl' found.
 (./05_bnp.bbl)
Package biblatex Info: Reference section=0 on input line 11.
Package biblatex Info: Reference segment=0 on input line 11.
 (./05_bnp.nav)
LaTeX Font Info:    Try loading font information for U+mvs on input line 15.
 (/usr/local/texlive/2018/texmf-dist/tex/latex/marvosym/umvs.fd)
LaTeX Font Info:    Try loading font information for U+msa on input line 15.
 (/usr/local/texlive/2018/texmf-dist/tex/latex/amsfonts/umsa.fd
File: umsa.fd 2013/01/14 v3.01 AMS symbols A
)
LaTeX Font Info:    Try loading font information for U+msb on input line 15.
 (/usr/local/texlive/2018/texmf-dist/tex/latex/amsfonts/umsb.fd
File: umsb.fd 2013/01/14 v3.01 AMS symbols B
)
LaTeX Font Info:    Try loading font information for U+rsfs on input line 15.
 (/usr/local/texlive/2018/texmf-dist/tex/latex/jknapltx/ursfs.fd
File: ursfs.fd 1998/03/24 rsfs font definition file (jk)
)
LaTeX Font Info:    Try loading font information for OT1+mathkerncmss on input line 15.
 (/usr/local/texlive/2018/texmf-dist/tex/latex/sansmathaccent/ot1mathkerncmss.fd
File: ot1mathkerncmss.fd 2013/03/27 Fontinst v1.933 font definitions for OT1/mathkerncmss.
)
<figures_julyan/logo/inria.png, id=88, 310.761pt x 109.3686pt>
File: figures_julyan/logo/inria.png Graphic file (type png)
<use figures_julyan/logo/inria.png>
Package pdftex.def Info: figures_julyan/logo/inria.png  used on input line 15.
(pdftex.def)             Requested size: 92.1879pt x 32.44368pt.
<figures_julyan/logo/statify.png, id=90, 1230.5975pt x 823.075pt>
File: figures_julyan/logo/statify.png Graphic file (type png)
<use figures_julyan/logo/statify.png>
Package pdftex.def Info: figures_julyan/logo/statify.png  used on input line 15.
(pdftex.def)             Requested size: 92.1879pt x 61.6526pt.
 [1



\providecommand \oddpage@label [2]{}



{/usr/local/texlive/2018/texmf-var/fonts/map/pdftex/updmap/pdftex.map} <./figures_julyan/logo/inria.png> <./figures_julyan/logo/statify.png>] (./05_bnp.toc) [2

] (./05_bnp.toc) [3

] (./05_bnp.toc) [4

] (./05_bnp.toc) [5

] (./Sections/_introNP.tex (./05_bnp.toc) [6

] [7

]
<figures_julyan/Botond/true.png, id=159, 361.35pt x 289.08pt>
File: figures_julyan/Botond/true.png Graphic file (type png)
<use figures_julyan/Botond/true.png>
Package pdftex.def Info: figures_julyan/Botond/true.png  used on input line 27.
(pdftex.def)             Requested size: 289.07999pt x 231.2643pt.
 [8

 <./figures_julyan/Botond/true.png>]
<figures_julyan/Botond/TrueData2.png, id=166, 361.35pt x 289.08pt>
File: figures_julyan/Botond/TrueData2.png Graphic file (type png)
<use figures_julyan/Botond/TrueData2.png>
Package pdftex.def Info: figures_julyan/Botond/TrueData2.png  used on input line 32.
(pdftex.def)             Requested size: 289.07999pt x 231.2643pt.
 [9

 <./figures_julyan/Botond/TrueData2.png>]
<figures_julyan/Botond/Parametric.png, id=173, 361.35pt x 289.08pt>
File: figures_julyan/Botond/Parametric.png Graphic file (type png)
<use figures_julyan/Botond/Parametric.png>
Package pdftex.def Info: figures_julyan/Botond/Parametric.png  used on input line 37.
(pdftex.def)             Requested size: 289.07999pt x 231.2643pt.
 [10

 <./figures_julyan/Botond/Parametric.png>]
<figures_julyan/Botond/NP.png, id=181, 361.35pt x 289.08pt>
File: figures_julyan/Botond/NP.png Graphic file (type png)
<use figures_julyan/Botond/NP.png>
Package pdftex.def Info: figures_julyan/Botond/NP.png  used on input line 42.
(pdftex.def)             Requested size: 289.07999pt x 231.2643pt.
 [11

 <./figures_julyan/Botond/NP.png>]
<figures_julyan/Botond/Prior.png, id=188, 361.35pt x 289.08pt>
File: figures_julyan/Botond/Prior.png Graphic file (type png)
<use figures_julyan/Botond/Prior.png>
Package pdftex.def Info: figures_julyan/Botond/Prior.png  used on input line 47.
(pdftex.def)             Requested size: 289.07999pt x 231.2643pt.
 [12

 <./figures_julyan/Botond/Prior.png>]
<figures_julyan/Botond/Posterior.png, id=195, 361.35pt x 289.08pt>
File: figures_julyan/Botond/Posterior.png Graphic file (type png)
<use figures_julyan/Botond/Posterior.png>
Package pdftex.def Info: figures_julyan/Botond/Posterior.png  used on input line 52.
(pdftex.def)             Requested size: 289.07999pt x 231.2643pt.
 [13

 <./figures_julyan/Botond/Posterior.png>]
Underfull \hbox (badness 10000) in paragraph at lines 79--79
\OT1/cmss/m/n/9 par-tic-u-lar struc-ture of the
 []


Underfull \hbox (badness 1303) in paragraph at lines 79--79
[][]\OT1/cmss/m/n/9 Computationally[] and an-a-lyt-i-
 []


Underfull \hbox (badness 5175) in paragraph at lines 79--79
[][]\OT1/cmss/m/n/9 Clustering[] (un-known clus-ter
 []


Overfull \hbox (10.3924pt too wide) in paragraph at lines 79--79
 [] 
 []

[14

]
<figures_julyan/Botond/Baby-Seal-Noisy3.jpg, id=212, 988.69376pt x 770.88pt>
File: figures_julyan/Botond/Baby-Seal-Noisy3.jpg Graphic file (type jpg)
<use figures_julyan/Botond/Baby-Seal-Noisy3.jpg>
Package pdftex.def Info: figures_julyan/Botond/Baby-Seal-Noisy3.jpg  used on input line 88.
(pdftex.def)             Requested size: 274.6262pt x 214.11581pt.
 [15

 <./figures_julyan/Botond/Baby-Seal-Noisy3.jpg>]
<figures_julyan/Botond/Baby-Seal-LowRes2.jpg, id=218, 988.69376pt x 770.88pt>
File: figures_julyan/Botond/Baby-Seal-LowRes2.jpg Graphic file (type jpg)
<use figures_julyan/Botond/Baby-Seal-LowRes2.jpg>
Package pdftex.def Info: figures_julyan/Botond/Baby-Seal-LowRes2.jpg  used on input line 92.
(pdftex.def)             Requested size: 274.6262pt x 214.11581pt.
 [16

 <./figures_julyan/Botond/Baby-Seal-LowRes2.jpg>]
<figures_julyan/Botond/Cute-Baby-Seal.jpg, id=224, 988.69376pt x 770.88pt>
File: figures_julyan/Botond/Cute-Baby-Seal.jpg Graphic file (type jpg)
<use figures_julyan/Botond/Cute-Baby-Seal.jpg>
Package pdftex.def Info: figures_julyan/Botond/Cute-Baby-Seal.jpg  used on input line 96.
(pdftex.def)             Requested size: 274.6262pt x 214.11581pt.
 [17

 <./figures_julyan/Botond/Cute-Baby-Seal.jpg>]
<figures_julyan/introRPM/brix_draws.png, id=230, 852.18375pt x 263.98625pt>
File: figures_julyan/introRPM/brix_draws.png Graphic file (type png)
<use figures_julyan/introRPM/brix_draws.png>
Package pdftex.def Info: figures_julyan/introRPM/brix_draws.png  used on input line 140.
(pdftex.def)             Requested size: 307.28987pt x 95.19206pt.

Overfull \vbox (6.74738pt too high) detected at line 140
 []

[18

 <./figures_julyan/introRPM/brix_draws.png>]
<figures_julyan/introRPM/GPsamples.png, id=240, 898.10532pt x 383.93437pt>
File: figures_julyan/introRPM/GPsamples.png Graphic file (type png)
<use figures_julyan/introRPM/GPsamples.png>
Package pdftex.def Info: figures_julyan/introRPM/GPsamples.png  used on input line 140.
(pdftex.def)             Requested size: 215.10196pt x 91.9528pt.
File: figures_julyan/introRPM/brix_draws.png Graphic file (type png)
<use figures_julyan/introRPM/brix_draws.png>
Package pdftex.def Info: figures_julyan/introRPM/brix_draws.png  used on input line 140.
(pdftex.def)             Requested size: 307.28987pt x 95.19206pt.

Overfull \vbox (132.90018pt too high) detected at line 140
 []

[19

 <./figures_julyan/introRPM/GPsamples.png>]
File: figures_julyan/introRPM/brix_draws.png Graphic file (type png)
<use figures_julyan/introRPM/brix_draws.png>
Package pdftex.def Info: figures_julyan/introRPM/brix_draws.png  used on input line 140.
(pdftex.def)             Requested size: 307.28987pt x 95.19206pt.

Overfull \vbox (6.74738pt too high) detected at line 140
 []

[20

]
File: figures_julyan/introRPM/brix_draws.png Graphic file (type png)
<use figures_julyan/introRPM/brix_draws.png>
Package pdftex.def Info: figures_julyan/introRPM/brix_draws.png  used on input line 140.
(pdftex.def)             Requested size: 307.28987pt x 95.19206pt.

Overfull \vbox (6.74738pt too high) detected at line 140
 []

[21

]) (./Sections/_GP.tex (./05_bnp.toc) [22

] (./05_bnp.toc) [23

] [24

]
<figures_julyan/gp/gprw1.png, id=293, 1360.08125pt x 523.9575pt>
File: figures_julyan/gp/gprw1.png Graphic file (type png)
<use figures_julyan/gp/gprw1.png>
Package pdftex.def Info: figures_julyan/gp/gprw1.png  used on input line 17.
(pdftex.def)             Requested size: 306.21262pt x 117.96518pt.
 [25

 <./figures_julyan/gp/gprw1.png>]
<figures_julyan/gp/gprw2.png, id=303, 697.60625pt x 481.8pt>
File: figures_julyan/gp/gprw2.png Graphic file (type png)
<use figures_julyan/gp/gprw2.png>
Package pdftex.def Info: figures_julyan/gp/gprw2.png  used on input line 17.
(pdftex.def)             Requested size: 227.74123pt x 157.28957pt.
 [26

 <./figures_julyan/gp/gprw2.png>] [27

]
<figures_julyan/gp/gp-and-dp.pdf, id=316, 845.0471pt x 597.50829pt>
File: figures_julyan/gp/gp-and-dp.pdf Graphic file (type pdf)
<use figures_julyan/gp/gp-and-dp.pdf>
Package pdftex.def Info: figures_julyan/gp/gp-and-dp.pdf  used on input line 46.
(pdftex.def)             Requested size: 307.28987pt x 217.27272pt.
 [28

 <./figures_julyan/gp/gp-and-dp.pdf>]

LaTeX Font Warning: Font shape `OT1/cmss/m/sc' in size <9> not available
(Font)              Font shape `OT1/cmr/m/sc' tried instead on input line 56.

[29

] [30

] [31

] [32

] [33

] [34

] [35

]
<figures_julyan/gp/scaling.png, id=683, 1332.98pt x 413.545pt>
File: figures_julyan/gp/scaling.png Graphic file (type png)
<use figures_julyan/gp/scaling.png>
Package pdftex.def Info: figures_julyan/gp/scaling.png  used on input line 126.
(pdftex.def)             Requested size: 295.73793pt x 91.75291pt.
 [36

 <./figures_julyan/gp/scaling.png>] (./05_bnp.toc) [37

] [38

] [39

] [40

] [41

] [42

] [43

] [44

] [45

] (./05_bnp.toc) [46

] [47

] [48

] [49

] [50

] (./05_bnp.toc) [51

] [52

] [53

] [54

] [55

] [56

] [57


] [58

]) (./Sections/_RPM.tex (./05_bnp.toc) [59

] (./05_bnp.toc) [60

]
File: figures_julyan/gp/gp-and-dp.pdf Graphic file (type pdf)
<use figures_julyan/gp/gp-and-dp.pdf>
Package pdftex.def Info: figures_julyan/gp/gp-and-dp.pdf  used on input line 12.
(pdftex.def)             Requested size: 307.28987pt x 217.27272pt.
 [61

] [62

] (./05_bnp.toc) [63

]
<figures_julyan/intro_DP/dirichlet_distribution.png, id=896, 764.8575pt x 460.72125pt>
File: figures_julyan/intro_DP/dirichlet_distribution.png Graphic file (type png)
<use figures_julyan/intro_DP/dirichlet_distribution.png>
Package pdftex.def Info: figures_julyan/intro_DP/dirichlet_distribution.png  used on input line 42.
(pdftex.def)             Requested size: 184.3758pt x 111.06042pt.
 [64

 <./figures_julyan/intro_DP/dirichlet_distribution.png>] [65

]
<figures_julyan/introRPM/DP-drawing.png, id=910, 1727.45375pt x 621.32124pt>
File: figures_julyan/introRPM/DP-drawing.png Graphic file (type png)
<use figures_julyan/introRPM/DP-drawing.png>
Package pdftex.def Info: figures_julyan/introRPM/DP-drawing.png  used on input line 69.
(pdftex.def)             Requested size: 307.28987pt x 110.52467pt.

Overfull \vbox (8.9911pt too high) detected at line 69
 []

[66

 <./figures_julyan/introRPM/DP-drawing.png>]
File: figures_julyan/introRPM/DP-drawing.png Graphic file (type png)
<use figures_julyan/introRPM/DP-drawing.png>
Package pdftex.def Info: figures_julyan/introRPM/DP-drawing.png  used on input line 69.
(pdftex.def)             Requested size: 307.28987pt x 110.52467pt.

Overfull \vbox (8.9911pt too high) detected at line 69
 []

[67

]
File: figures_julyan/introRPM/DP-drawing.png Graphic file (type png)
<use figures_julyan/introRPM/DP-drawing.png>
Package pdftex.def Info: figures_julyan/introRPM/DP-drawing.png  used on input line 69.
(pdftex.def)             Requested size: 307.28987pt x 110.52467pt.

Overfull \vbox (8.9911pt too high) detected at line 69
 []

[68

]
File: figures_julyan/introRPM/DP-drawing.png Graphic file (type png)
<use figures_julyan/introRPM/DP-drawing.png>
Package pdftex.def Info: figures_julyan/introRPM/DP-drawing.png  used on input line 80.
(pdftex.def)             Requested size: 307.28987pt x 110.52467pt.
 [69

]
File: figures_julyan/introRPM/DP-drawing.png Graphic file (type png)
<use figures_julyan/introRPM/DP-drawing.png>
Package pdftex.def Info: figures_julyan/introRPM/DP-drawing.png  used on input line 80.
(pdftex.def)             Requested size: 307.28987pt x 110.52467pt.
 [70

]
File: figures_julyan/introRPM/DP-drawing.png Graphic file (type png)
<use figures_julyan/introRPM/DP-drawing.png>
Package pdftex.def Info: figures_julyan/introRPM/DP-drawing.png  used on input line 80.
(pdftex.def)             Requested size: 307.28987pt x 110.52467pt.
 [71

] [72

] [73


] [74

] [75

] [76

] [77

] [78

] [79

] [80

] [81

]

LaTeX Font Warning: Command \small invalid in math mode on input line 242.


LaTeX Font Warning: Command \small invalid in math mode on input line 242.

[82

]
LaTeX Font Info:    Try loading font information for U+dsrom on input line 261.
 (/usr/local/texlive/2018/texmf-dist/tex/latex/doublestroke/Udsrom.fd
File: Udsrom.fd 1995/08/01 v0.1 Double stroke roman font definitions
)
LaTeX Font Info:    Try loading font information for U+euf on input line 261.
 (/usr/local/texlive/2018/texmf-dist/tex/latex/amsfonts/ueuf.fd
File: ueuf.fd 2013/01/14 v3.01 Euler Fraktur
) [83

] [84

] [85

] [86

]
<figures_julyan/intro_DP/CRP.png, id=1040, 451.6875pt x 214.8025pt>
File: figures_julyan/intro_DP/CRP.png Graphic file (type png)
<use figures_julyan/intro_DP/CRP.png>
Package pdftex.def Info: figures_julyan/intro_DP/CRP.png  used on input line 336.
(pdftex.def)             Requested size: 153.64493pt x 73.06793pt.
 [87

 <./figures_julyan/intro_DP/CRP.png (PNG copy)>] [88

] [89

] [90

]
<figures_julyan/intro_DP/sb.png, id=1067, 822.07124pt x 353.32pt>
File: figures_julyan/intro_DP/sb.png Graphic file (type png)
<use figures_julyan/intro_DP/sb.png>
Package pdftex.def Info: figures_julyan/intro_DP/sb.png  used on input line 424.
(pdftex.def)             Requested size: 169.01036pt x 72.63593pt.
<figures_julyan/intro_DP/DP.png, id=1068, 903.375pt x 903.375pt>
File: figures_julyan/intro_DP/DP.png Graphic file (type png)
<use figures_julyan/intro_DP/DP.png>
Package pdftex.def Info: figures_julyan/intro_DP/DP.png  used on input line 424.
(pdftex.def)             Requested size: 122.91406pt x 122.90147pt.
 [91

 <./figures_julyan/intro_DP/sb.png> <./figures_julyan/intro_DP/DP.png>]
File: figures_julyan/intro_DP/sb.png Graphic file (type png)
<use figures_julyan/intro_DP/sb.png>
Package pdftex.def Info: figures_julyan/intro_DP/sb.png  used on input line 424.
(pdftex.def)             Requested size: 169.01036pt x 72.63593pt.
File: figures_julyan/intro_DP/DP.png Graphic file (type png)
<use figures_julyan/intro_DP/DP.png>
Package pdftex.def Info: figures_julyan/intro_DP/DP.png  used on input line 424.
(pdftex.def)             Requested size: 122.91406pt x 122.90147pt.
 [92

]
File: figures_julyan/intro_DP/sb.png Graphic file (type png)
<use figures_julyan/intro_DP/sb.png>
Package pdftex.def Info: figures_julyan/intro_DP/sb.png  used on input line 424.
(pdftex.def)             Requested size: 169.01036pt x 72.63593pt.
File: figures_julyan/intro_DP/DP.png Graphic file (type png)
<use figures_julyan/intro_DP/DP.png>
Package pdftex.def Info: figures_julyan/intro_DP/DP.png  used on input line 424.
(pdftex.def)             Requested size: 122.91406pt x 122.90147pt.
 [93

]
File: figures_julyan/intro_DP/sb.png Graphic file (type png)
<use figures_julyan/intro_DP/sb.png>
Package pdftex.def Info: figures_julyan/intro_DP/sb.png  used on input line 424.
(pdftex.def)             Requested size: 169.01036pt x 72.63593pt.
File: figures_julyan/intro_DP/DP.png Graphic file (type png)
<use figures_julyan/intro_DP/DP.png>
Package pdftex.def Info: figures_julyan/intro_DP/DP.png  used on input line 424.
(pdftex.def)             Requested size: 122.91406pt x 122.90147pt.
 [94

]
File: figures_julyan/intro_DP/sb.png Graphic file (type png)
<use figures_julyan/intro_DP/sb.png>
Package pdftex.def Info: figures_julyan/intro_DP/sb.png  used on input line 424.
(pdftex.def)             Requested size: 169.01036pt x 72.63593pt.
File: figures_julyan/intro_DP/DP.png Graphic file (type png)
<use figures_julyan/intro_DP/DP.png>
Package pdftex.def Info: figures_julyan/intro_DP/DP.png  used on input line 424.
(pdftex.def)             Requested size: 122.91406pt x 122.90147pt.
 [95

] [96

]
Overfull \vbox (19.1423pt too high) detected at line 478
 []

[97

]
Overfull \vbox (19.1423pt too high) detected at line 478
 []

[98

] [99

] [100

]
Overfull \hbox (22.71275pt too wide) detected at line 546
[]\OT1/mathkerncmss/m/sl/9 F\OT1/cmss/m/n/9 (\OT1/mathkerncmss/m/sl/9 t[]\OT1/cmss/m/n/9 ) \OMS/cmsy/m/n/9 ^^@ \OT1/mathkerncmss/m/sl/9 F\OT1/cmss/m/n/9 (\OT1/mathkerncmss/m/sl/9 t[]\OT1/cmss/m/n/9 )\OML/cmm/m/it/9 ; [] ; \OT1/mathkerncmss/m/sl/9 F\OT1/cmss/m/n/9 (\OT1/mathkerncmss/m/sl/9 t[]\OT1/cmss/m/n/9 ) \OMS/cmsy/m/n/9 ^^@ \OT1/mathkerncmss/m/sl/9 F\OT1/cmss/m/n/9 (\OT1/mathkerncmss/m/sl/9 t[]\OT1/cmss/m/n/9 )[] \OMS/cmsy/m/n/9 ^^X [][][]\OML/cmm/m/it/9 \OT1/mathkerncmss/m/sl/9 G\OT1/cmss/m/n/9 (\OT1/mathkerncmss/m/sl/9 t[]\OT1/cmss/m/n/9 ) \OMS/cmsy/m/n/9 ^^@ \OML/cmm/m/it/9 \OT1/mathkerncmss/m/sl/9 G\OT1/cmss/m/n/9 (\OT1/mathkerncmss/m/sl/9 t[]\OT1/cmss/m/n/9 )\OML/cmm/m/it/9 ; [] ; \OT1/mathkerncmss/m/sl/9 G\OT1/cmss/m/n/9 (\OT1/mathkerncmss/m/sl/9 t[]\OT1/cmss/m/n/9 ) \OMS/cmsy/m/n/9 ^^@ \OML/cmm/m/it/9 \OT1/mathkerncmss/m/sl/9 G\OT1/cmss/m/n/9 (\OT1/mathkerncmss/m/sl/9 t[]\OT1/cmss/m/n/9 )[]\OML/cmm/m/it/9 :
 []

[101

] [102


] [103

] [104

] [105

]) (./Sections/_intro_mixtures.tex (./05_bnp.toc) [106

]
<figures_julyan/mixtures/plate_mixture.png, id=1169, 849.1725pt x 332.24126pt>
File: figures_julyan/mixtures/plate_mixture.png Graphic file (type png)
<use figures_julyan/mixtures/plate_mixture.png>
Package pdftex.def Info: figures_julyan/mixtures/plate_mixture.png  used on input line 17.
(pdftex.def)             Requested size: 245.83282pt x 96.18019pt.

Overfull \vbox (15.04193pt too high) detected at line 17
 []

[107

 <./figures_julyan/mixtures/plate_mixture.png>]
<figures_julyan/mixtures/plate_bayes_mixture.png, id=1176, 902.37125pt x 413.545pt>
File: figures_julyan/mixtures/plate_bayes_mixture.png Graphic file (type png)
<use figures_julyan/mixtures/plate_bayes_mixture.png>
Package pdftex.def Info: figures_julyan/mixtures/plate_bayes_mixture.png  used on input line 33.
(pdftex.def)             Requested size: 245.83282pt x 112.66196pt.
 [108

 <./figures_julyan/mixtures/plate_bayes_mixture.png>] [109

]
<figures_julyan/mixtures/plate_SB_mixture.png, id=1189, 561.09625pt x 584.1825pt>
File: figures_julyan/mixtures/plate_SB_mixture.png Graphic file (type png)
<use figures_julyan/mixtures/plate_SB_mixture.png>
Package pdftex.def Info: figures_julyan/mixtures/plate_SB_mixture.png  used on input line 66.
(pdftex.def)             Requested size: 100.71043pt x 104.85704pt.
 [110

 <./figures_julyan/mixtures/plate_SB_mixture.png>] [111

]
<figures_julyan/mixtures/miller_DP.png, id=1210, 312.16624pt x 359.3425pt>
File: figures_julyan/mixtures/miller_DP.png Graphic file (type png)
<use figures_julyan/mixtures/miller_DP.png>
Package pdftex.def Info: figures_julyan/mixtures/miller_DP.png  used on input line 108.
(pdftex.def)             Requested size: 138.2795pt x 159.18039pt.
<figures_julyan/mixtures/miller_inconsistency1.png, id=1212, 619.31375pt x 59.22125pt>
File: figures_julyan/mixtures/miller_inconsistency1.png Graphic file (type png)
<use figures_julyan/mixtures/miller_inconsistency1.png>
Package pdftex.def Info: figures_julyan/mixtures/miller_inconsistency1.png  used on input line 108.
(pdftex.def)             Requested size: 307.28987pt x 29.38553pt.
<figures_julyan/mixtures/miller_inconsistency2.png, id=1213, 615.29875pt x 106.3975pt>
File: figures_julyan/mixtures/miller_inconsistency2.png Graphic file (type png)
<use figures_julyan/mixtures/miller_inconsistency2.png>
Package pdftex.def Info: figures_julyan/mixtures/miller_inconsistency2.png  used on input line 108.
(pdftex.def)             Requested size: 307.28987pt x 53.13692pt.
 [112

 <./figures_julyan/mixtures/miller_DP.png>] [113


 <./figures_julyan/mixtures/miller_inconsistency1.png> <./figures_julyan/mixtures/miller_inconsistency2.png>] [114

] [115

] [116

] [117

] [118

] [119

] [120

]) (./Sections/_beyondDP.tex (./05_bnp.toc) [121

]
<figures_julyan/beyond_DP/power_laws_newman.png, id=1293, 705.63625pt x 476.78125pt>
File: figures_julyan/beyond_DP/power_laws_newman.png Graphic file (type png)
<use figures_julyan/beyond_DP/power_laws_newman.png>
Package pdftex.def Info: figures_julyan/beyond_DP/power_laws_newman.png  used on input line 15.
(pdftex.def)             Requested size: 215.10196pt x 145.3344pt.
 [122

 <./figures_julyan/beyond_DP/power_laws_newman.png>]
File: figures_julyan/beyond_DP/power_laws_newman.png Graphic file (type png)
<use figures_julyan/beyond_DP/power_laws_newman.png>
Package pdftex.def Info: figures_julyan/beyond_DP/power_laws_newman.png  used on input line 15.
(pdftex.def)             Requested size: 215.10196pt x 145.3344pt.
 [123

] [124

] [125

] [126

] [127

] [128

] [129

] [130

]
<figures_julyan/introRPM/graph_model.pdf, id=1360, 845.04686pt x 597.50786pt>
File: figures_julyan/introRPM/graph_model.pdf Graphic file (type pdf)
<use figures_julyan/introRPM/graph_model.pdf>
Package pdftex.def Info: figures_julyan/introRPM/graph_model.pdf  used on input line 125.
(pdftex.def)             Requested size: 307.28987pt x 217.27255pt.
 [131

 <./figures_julyan/introRPM/graph_model.pdf>]
<figures_julyan/introRPM/graph_model_dp.pdf, id=1398, 845.04686pt x 597.50786pt>
File: figures_julyan/introRPM/graph_model_dp.pdf Graphic file (type pdf)
<use figures_julyan/introRPM/graph_model_dp.pdf>
Package pdftex.def Info: figures_julyan/introRPM/graph_model_dp.pdf  used on input line 125.
(pdftex.def)             Requested size: 307.28987pt x 217.27255pt.
 [132

 <./figures_julyan/introRPM/graph_model_dp.pdf>]
Overfull \hbox (2.04149pt too wide) detected at line 230
\OT1/mathkerncmss/m/sl/9 p\OT1/cmss/m/n/9 (\OT1/mathkerncmss/m/sl/9 m[]\OML/cmm/m/it/9 ; [] ; \OT1/mathkerncmss/m/sl/9 m[]\OT1/cmss/m/n/9 ) = [](\OML/cmm/m/it/9  \OT1/cmss/m/n/9 + \OML/cmm/m/it/9 ^^[\OT1/cmss/m/n/9 ) [] (\OML/cmm/m/it/9  \OT1/cmss/m/n/9 + (\OT1/mathkerncmss/m/sl/9 k \OMS/cmsy/m/n/9 ^^@ \OT1/cmss/m/n/9 1)\OML/cmm/m/it/9 ^^[\OT1/cmss/m/n/9 ) [] [][][][][]
 []

<figures_julyan/trombi/Mittag-Leffler.jpg, id=1445, 196.27011pt x 270.06158pt>
File: figures_julyan/trombi/Mittag-Leffler.jpg Graphic file (type jpg)
<use figures_julyan/trombi/Mittag-Leffler.jpg>
Package pdftex.def Info: figures_julyan/trombi/Mittag-Leffler.jpg  used on input line 230.
(pdftex.def)             Requested size: 107.55333pt x 147.99037pt.
[133

] [134


 <./figures_julyan/trombi/Mittag-Leffler.jpg>] [135


] [136


] [137


] [138


]
<figures_julyan/introRPM/prior_K_n_PY.pdf, id=1478, 557.08125pt x 557.08125pt>
File: figures_julyan/introRPM/prior_K_n_PY.pdf Graphic file (type pdf)
<use figures_julyan/introRPM/prior_K_n_PY.pdf>
Package pdftex.def Info: figures_julyan/introRPM/prior_K_n_PY.pdf  used on input line 246.
(pdftex.def)             Requested size: 557.0799pt x 557.0799pt.
 [139

 <./figures_julyan/introRPM/prior_K_n_PY.pdf>]
File: figures_julyan/introRPM/prior_K_n_PY.pdf Graphic file (type pdf)
<use figures_julyan/introRPM/prior_K_n_PY.pdf>
Package pdftex.def Info: figures_julyan/introRPM/prior_K_n_PY.pdf  used on input line 246.
(pdftex.def)             Requested size: 557.0799pt x 557.0799pt.
 [140

]
File: figures_julyan/introRPM/prior_K_n_PY.pdf Graphic file (type pdf)
<use figures_julyan/introRPM/prior_K_n_PY.pdf>
Package pdftex.def Info: figures_julyan/introRPM/prior_K_n_PY.pdf  used on input line 246.
(pdftex.def)             Requested size: 557.0799pt x 557.0799pt.
 [141

] (./05_bnp.toc) [142

] [143

]
<figures_julyan/beyond_DP/HDP.png, id=1536, 519.9425pt x 605.26125pt>
File: figures_julyan/beyond_DP/HDP.png Graphic file (type png)
<use figures_julyan/beyond_DP/HDP.png>
Package pdftex.def Info: figures_julyan/beyond_DP/HDP.png  used on input line 262.
(pdftex.def)             Requested size: 184.3758pt x 214.6245pt.

Overfull \vbox (6.54721pt too high) detected at line 262
 []

[144

 <./figures_julyan/beyond_DP/HDP.png>] [145

]
File: figures_julyan/beyond_DP/HDP.png Graphic file (type png)
<use figures_julyan/beyond_DP/HDP.png>
Package pdftex.def Info: figures_julyan/beyond_DP/HDP.png  used on input line 290.
(pdftex.def)             Requested size: 153.64493pt x 178.85529pt.
 [146

]
File: figures_julyan/beyond_DP/HDP.png Graphic file (type png)
<use figures_julyan/beyond_DP/HDP.png>
Package pdftex.def Info: figures_julyan/beyond_DP/HDP.png  used on input line 290.
(pdftex.def)             Requested size: 153.64493pt x 178.85529pt.
 [147

]
File: figures_julyan/beyond_DP/HDP.png Graphic file (type png)
<use figures_julyan/beyond_DP/HDP.png>
Package pdftex.def Info: figures_julyan/beyond_DP/HDP.png  used on input line 290.
(pdftex.def)             Requested size: 153.64493pt x 178.85529pt.
 [148

]
<figures_julyan/beyond_DP/IBP_draw.png, id=1566, 1123.19624pt x 433.62pt>
File: figures_julyan/beyond_DP/IBP_draw.png Graphic file (type png)
<use figures_julyan/beyond_DP/IBP_draw.png>
Package pdftex.def Info: figures_julyan/beyond_DP/IBP_draw.png  used on input line 307.
(pdftex.def)             Requested size: 215.10196pt x 83.03706pt.

Overfull \vbox (6.70975pt too high) detected at line 307
 []

[149

 <./figures_julyan/beyond_DP/IBP_draw.png>]
File: figures_julyan/beyond_DP/IBP_draw.png Graphic file (type png)
<use figures_julyan/beyond_DP/IBP_draw.png>
Package pdftex.def Info: figures_julyan/beyond_DP/IBP_draw.png  used on input line 307.
(pdftex.def)             Requested size: 215.10196pt x 83.03706pt.

Overfull \vbox (6.70975pt too high) detected at line 307
 []

[150

]
File: figures_julyan/beyond_DP/IBP_draw.png Graphic file (type png)
<use figures_julyan/beyond_DP/IBP_draw.png>
Package pdftex.def Info: figures_julyan/beyond_DP/IBP_draw.png  used on input line 307.
(pdftex.def)             Requested size: 215.10196pt x 83.03706pt.

Overfull \vbox (6.70975pt too high) detected at line 307
 []

[151

]
File: figures_julyan/beyond_DP/IBP_draw.png Graphic file (type png)
<use figures_julyan/beyond_DP/IBP_draw.png>
Package pdftex.def Info: figures_julyan/beyond_DP/IBP_draw.png  used on input line 307.
(pdftex.def)             Requested size: 215.10196pt x 83.03706pt.

Overfull \vbox (6.70975pt too high) detected at line 307
 []

[152

]
File: figures_julyan/beyond_DP/IBP_draw.png Graphic file (type png)
<use figures_julyan/beyond_DP/IBP_draw.png>
Package pdftex.def Info: figures_julyan/beyond_DP/IBP_draw.png  used on input line 307.
(pdftex.def)             Requested size: 215.10196pt x 83.03706pt.

Overfull \vbox (6.70975pt too high) detected at line 307
 []

[153

]
File: figures_julyan/beyond_DP/IBP_draw.png Graphic file (type png)
<use figures_julyan/beyond_DP/IBP_draw.png>
Package pdftex.def Info: figures_julyan/beyond_DP/IBP_draw.png  used on input line 307.
(pdftex.def)             Requested size: 215.10196pt x 83.03706pt.

Overfull \vbox (6.70975pt too high) detected at line 307
 []

[154

]
File: figures_julyan/beyond_DP/IBP_draw.png Graphic file (type png)
<use figures_julyan/beyond_DP/IBP_draw.png>
Package pdftex.def Info: figures_julyan/beyond_DP/IBP_draw.png  used on input line 329.
(pdftex.def)             Requested size: 215.10196pt x 83.03706pt.
 [155

]
File: figures_julyan/beyond_DP/IBP_draw.png Graphic file (type png)
<use figures_julyan/beyond_DP/IBP_draw.png>
Package pdftex.def Info: figures_julyan/beyond_DP/IBP_draw.png  used on input line 329.
(pdftex.def)             Requested size: 215.10196pt x 83.03706pt.
 [156

]
File: figures_julyan/beyond_DP/IBP_draw.png Graphic file (type png)
<use figures_julyan/beyond_DP/IBP_draw.png>
Package pdftex.def Info: figures_julyan/beyond_DP/IBP_draw.png  used on input line 329.
(pdftex.def)             Requested size: 215.10196pt x 83.03706pt.
 [157

] [158

] [159

]) (./Sections/_asymp.tex (./05_bnp.toc) [160

] (./05_bnp.toc) [161

] [162

] [163

] [164

] [165

] [166

] [167

] [168

] [169

] [170

] [171

] (./05_bnp.toc) [172

] [173

] [174

] [175

] [176

] [177

] [178

] [179

] [180

] [181

] [182

] [183

] [184

] [185

] [186

] [187

] [188

] [189

] [190

] [191

] [192

] [193

] [194

] [195

] [196

] [197

] [198

] [199

] [200

] [201

] [202

] [203

] [204

] [205

] [206

] [207

] [208

]

Package amsmath Warning: Foreign command \over;
(amsmath)                \frac or \genfrac should be used instead
(amsmath)                 on input line 386.

[209

] [210


] [211

] [212

] [213

] [214

] [215

] [216

] [217

] [218

] [219

] [220

] [221

] [222

] [223

] (./05_bnp.toc) [224

] [225

] [226

] [227

] [228

] [229

] [230

] [231

] [232

] [233

] [234

] [235

] [236

] [237

] [238

] [239

] [240

] [241

] [242

] [243

] [244

] [245

] [246

] [247

] [248

] [249

] [250

] [251

] [252

] [253

] [254

] [255

] [256

] [257

] [258

] [259

] [260

] [261

] [262

] [263

] [264

] [265

] [266

] [267

] [268

] [269

] [270

] [271

] [272

] [273

] [274

] [275

]
Overfull \hbox (0.39832pt too wide) detected at line 732
 []$[]  \OT1/mathkerncmss/m/sl/9 B[]\OT1/cmss/m/n/9 (\OML/cmm/m/it/9 ^^R[]; ^^O; \OT1/mathkerncmss/m/sl/9 k\OT1/cmss/m/n/9 ) = []\OML/cmm/m/it/9 ^^R; [] [] []\OT1/cmss/m/n/9 (\OT1/mathkerncmss/m/sl/9 p[]\OML/cmm/m/it/9 ; \OT1/mathkerncmss/m/sl/9 p[]\OT1/cmss/m/n/9 ) \OMS/cmsy/m/n/9 ^^T \OML/cmm/m/it/9 ^^O[]; [] [] \OT1/mathkerncmss/m/sl/9 V[]\OT1/cmss/m/n/9 (\OT1/mathkerncmss/m/sl/9 p[]\OML/cmm/m/it/9 ; \OT1/mathkerncmss/m/sl/9 p[]\OT1/cmss/m/n/9 ) \OMS/cmsy/m/n/9 ^^T \OT1/mathkerncmss/m/sl/9 C[]\OML/cmm/m/it/9 ^^O[][]  $ 
 []

[276

]
Overfull \hbox (0.39832pt too wide) detected at line 732
 []$[]  \OT1/mathkerncmss/m/sl/9 B[]\OT1/cmss/m/n/9 (\OML/cmm/m/it/9 ^^R[]; ^^O; \OT1/mathkerncmss/m/sl/9 k\OT1/cmss/m/n/9 ) = []\OML/cmm/m/it/9 ^^R; [] [] []\OT1/cmss/m/n/9 (\OT1/mathkerncmss/m/sl/9 p[]\OML/cmm/m/it/9 ; \OT1/mathkerncmss/m/sl/9 p[]\OT1/cmss/m/n/9 ) \OMS/cmsy/m/n/9 ^^T \OML/cmm/m/it/9 ^^O[]; [] [] \OT1/mathkerncmss/m/sl/9 V[]\OT1/cmss/m/n/9 (\OT1/mathkerncmss/m/sl/9 p[]\OML/cmm/m/it/9 ; \OT1/mathkerncmss/m/sl/9 p[]\OT1/cmss/m/n/9 ) \OMS/cmsy/m/n/9 ^^T \OT1/mathkerncmss/m/sl/9 C[]\OML/cmm/m/it/9 ^^O[][]  $ 
 []

[277

]
Overfull \hbox (0.39832pt too wide) detected at line 732
 []$[]  \OT1/mathkerncmss/m/sl/9 B[]\OT1/cmss/m/n/9 (\OML/cmm/m/it/9 ^^R[]; ^^O; \OT1/mathkerncmss/m/sl/9 k\OT1/cmss/m/n/9 ) = []\OML/cmm/m/it/9 ^^R; [] [] []\OT1/cmss/m/n/9 (\OT1/mathkerncmss/m/sl/9 p[]\OML/cmm/m/it/9 ; \OT1/mathkerncmss/m/sl/9 p[]\OT1/cmss/m/n/9 ) \OMS/cmsy/m/n/9 ^^T \OML/cmm/m/it/9 ^^O[]; [] [] \OT1/mathkerncmss/m/sl/9 V[]\OT1/cmss/m/n/9 (\OT1/mathkerncmss/m/sl/9 p[]\OML/cmm/m/it/9 ; \OT1/mathkerncmss/m/sl/9 p[]\OT1/cmss/m/n/9 ) \OMS/cmsy/m/n/9 ^^T \OT1/mathkerncmss/m/sl/9 C[]\OML/cmm/m/it/9 ^^O[][]  $ 
 []

[278

]
Overfull \hbox (0.39832pt too wide) detected at line 732
 []$[]  \OT1/mathkerncmss/m/sl/9 B[]\OT1/cmss/m/n/9 (\OML/cmm/m/it/9 ^^R[]; ^^O; \OT1/mathkerncmss/m/sl/9 k\OT1/cmss/m/n/9 ) = []\OML/cmm/m/it/9 ^^R; [] [] []\OT1/cmss/m/n/9 (\OT1/mathkerncmss/m/sl/9 p[]\OML/cmm/m/it/9 ; \OT1/mathkerncmss/m/sl/9 p[]\OT1/cmss/m/n/9 ) \OMS/cmsy/m/n/9 ^^T \OML/cmm/m/it/9 ^^O[]; [] [] \OT1/mathkerncmss/m/sl/9 V[]\OT1/cmss/m/n/9 (\OT1/mathkerncmss/m/sl/9 p[]\OML/cmm/m/it/9 ; \OT1/mathkerncmss/m/sl/9 p[]\OT1/cmss/m/n/9 ) \OMS/cmsy/m/n/9 ^^T \OT1/mathkerncmss/m/sl/9 C[]\OML/cmm/m/it/9 ^^O[][]  $ 
 []

[279

] [280

] [281

] [282

] [283

] [284

] [285

] [286

] [287

] [288

] [289

] [290

] [291

] [292

] [293

]) [294

] [295


] [296


] [297


] [298


]
\tf@nav=\write8
\openout8 = `05_bnp.nav'.

\tf@toc=\write9
\openout9 = `05_bnp.toc'.

\tf@snm=\write10
\openout10 = `05_bnp.snm'.

Package atveryend Info: Empty hook `BeforeClearDocument' on input line 39.
Package atveryend Info: Empty hook `AfterLastShipout' on input line 39.
 (./05_bnp.aux)
Package atveryend Info: Executing hook `AtVeryEndDocument' on input line 39.
Package atveryend Info: Executing hook `AtEndAfterFileList' on input line 39.
Package rerunfilecheck Info: File `05_bnp.out' has not changed.
(rerunfilecheck)             Checksum: 32CE6BA902350CFB276F104A7FE65DCD;1261.
Package logreq Info: Writing requests to '05_bnp.run.xml'.
\openout1 = `05_bnp.run.xml'.

 ) 
Here is how much of TeX's memory you used:
 36555 strings out of 492649
 694839 string characters out of 6129622
 1103381 words of memory out of 5000000
 39037 multiletter control sequences out of 15000+600000
 549249 words of font info for 86 fonts, out of 8000000 for 9000
 1141 hyphenation exceptions out of 8191
 57i,20n,67p,10408b,2013s stack positions out of 5000i,500n,10000p,200000b,80000s
{/usr/local/texlive/2018/texmf-dist/fonts/enc/dvips/cm-super/cm-super-t1.enc}</usr/local/texlive/2018/texmf-dist/fonts/type1/public/amsfonts/cm/cmcsc10.pfb></usr/local/texlive/2018/texmf-dist/fonts/type1/public/amsfonts/cmextra/cmex9.pfb></usr/local/texlive/2018/texmf-dist/fonts/type1/public/amsfonts/cm/cmmi10.pfb></usr/local/texlive/2018/texmf-dist/fonts/type1/public/amsfonts/cm/cmmi5.pfb></usr/local/texlive/2018/texmf-dist/fonts/type1/public/amsfonts/cm/cmmi6.pfb></usr/local/texlive/2018/texmf-dist/fonts/type1/public/amsfonts/cm/cmmi9.pfb></usr/local/texlive/2018/texmf-dist/fonts/type1/public/amsfonts/cmextra/cmmib9.pfb></usr/local/texlive/2018/texmf-dist/fonts/type1/public/amsfonts/cm/cmr10.pfb></usr/local/texlive/2018/texmf-dist/fonts/type1/public/amsfonts/cm/cmr9.pfb></usr/local/texlive/2018/texmf-dist/fonts/type1/public/amsfonts/cm/cmss8.pfb></usr/local/texlive/2018/texmf-dist/fonts/type1/public/amsfonts/cm/cmss9.pfb></usr/local/texlive/2018/texmf-dist/fonts/type1/public/amsfonts/cm/cmssbx10.pfb></usr/local/texlive/2018/texmf-dist/fonts/type1/public/amsfonts/cm/cmssi8.pfb></usr/local/texlive/2018/texmf-dist/fonts/type1/public/amsfonts/cm/cmssi9.pfb></usr/local/texlive/2018/texmf-dist/fonts/type1/public/amsfonts/cm/cmsy5.pfb></usr/local/texlive/2018/texmf-dist/fonts/type1/public/amsfonts/cm/cmsy6.pfb></usr/local/texlive/2018/texmf-dist/fonts/type1/public/amsfonts/cm/cmsy9.pfb></usr/local/texlive/2018/texmf-dist/fonts/type1/public/amsfonts/cm/cmtt9.pfb></usr/local/texlive/2018/texmf-dist/fonts/type1/public/doublestroke/dsrom8.pfb></usr/local/texlive/2018/texmf-dist/fonts/type1/public/amsfonts/euler/eufm10.pfb></usr/local/texlive/2018/texmf-dist/fonts/type1/public/amsfonts/euler/eufm7.pfb></usr/local/texlive/2018/texmf-dist/fonts/type1/public/lm/lmmi12.pfb></usr/local/texlive/2018/texmf-dist/fonts/type1/public/lm/lmr12.pfb></usr/local/texlive/2018/texmf-dist/fonts/type1/public/lm/lmsy10.pfb></usr/local/texlive/2018/texmf-dist/fonts/type1/public/marvosym/marvosym.pfb></usr/local/texlive/2018/texmf-dist/fonts/
type1/public/amsfonts/symbols/msam10.pfb></usr/local/texlive/2018/texmf-dist/fonts/type1/public/amsfonts/symbols/msbm10.pfb></usr/local/texlive/2018/texmf-dist/fonts/type1/public/amsfonts/symbols/msbm7.pfb></usr/local/texlive/2018/texmf-dist/fonts/type1/public/cm-super/sfso0900.pfb>
Output written on 05_bnp.pdf (298 pages, 5261692 bytes).
PDF statistics:
 2634 PDF objects out of 2984 (max. 8388607)
 2105 compressed objects within 22 object streams
 654 named destinations out of 1000 (max. 500000)
 362 words of extra memory for PDF output out of 10000 (max. 10000000)

