\BOOKMARK [1][-]{section.1}{Lecture \0431: Bayesics}{}% 1
\BOOKMARK [2][-]{subsection.1.1}{Conjugate priors 101: Gaussians \(\)}{section.1}% 2
\BOOKMARK [2][-]{subsection.1.2}{A conjugate prior on probability vectors \(\)}{section.1}% 3
\BOOKMARK [2][-]{subsection.1.3}{Empirical Bayes and the James-Stein effect \(\)}{section.1}% 4
\BOOKMARK [2][-]{subsection.1.4}{Classification with asymmetric loss \(\)}{section.1}% 5
\BOOKMARK [2][-]{subsection.1.5}{Linear regression with a Gaussian prior \(\)}{section.1}% 6
\BOOKMARK [2][-]{subsection.1.6}{For more exercises on Bayesian derivations}{section.1}% 7
\BOOKMARK [1][-]{section.2}{Lecture \0432: MCMC}{}% 8
\BOOKMARK [2][-]{subsection.2.1}{DAGs and dependence \(\)}{section.2}% 9
\BOOKMARK [2][-]{subsection.2.2}{Self-normalized importance sampling \(\)}{section.2}% 10
\BOOKMARK [2][-]{subsection.2.3}{The random scan Gibbs sampler always accepts \(\)}{section.2}% 11
\BOOKMARK [2][-]{subsection.2.4}{Systematic scan Gibbs sampler \(\)}{section.2}% 12
\BOOKMARK [2][-]{subsection.2.5}{Gibbs \(\) and collapsed \(\) Gibbs for LDA}{section.2}% 13
\BOOKMARK [1][-]{section.3}{Lecture \0433: Variational inference}{}% 14
\BOOKMARK [2][-]{subsection.3.1}{VB 101: fitting a univariate Gaussian \(\)}{section.3}% 15
\BOOKMARK [2][-]{subsection.3.2}{A useful lemma for variational LDA \(\)}{section.3}% 16
\BOOKMARK [2][-]{subsection.3.3}{VB for LDA with counts \(\)}{section.3}% 17
\BOOKMARK [1][-]{section.4}{Lecture \0434: Bayesian nonparametrics}{}% 18
\BOOKMARK [2][-]{subsection.4.1}{Combinatorial properties of Kn for Dirichlet process \(\)}{section.4}% 19
\BOOKMARK [2][-]{subsection.4.2}{Combinatorial properties of Kn for Pitman\205Yor process \(\)}{section.4}% 20
\BOOKMARK [2][-]{subsection.4.3}{For more exercises on Bayesian nonparametrics}{section.4}% 21
\BOOKMARK [1][-]{section.5}{Lecture \0435: Foundations}{}% 22
\BOOKMARK [2][-]{subsection.5.1}{A simple application of the likelihood principle \(\)}{section.5}% 23
\BOOKMARK [2][-]{subsection.5.2}{The Blackwell-McQueen urn scheme and exchangeability \(\)}{section.5}% 24
\BOOKMARK [2][-]{subsection.5.3}{McAllester's PAC bound \(\)}{section.5}% 25
\BOOKMARK [1][-]{section.6}{Lectures \0436 \046 \0437: Bayesian deep learning}{}% 26
\BOOKMARK [2][-]{subsection.6.1}{Laplace approximation for Bayesian neural networks \(\)}{section.6}% 27
